[2019-04-13 23:02:09,375] DEBUG preRegister called. Server=com.sun.jmx.mbeanserver.JmxMBeanServer@66d3c617, name=log4j:logger=kafka.controller (kafka.controller)
[2019-04-13 23:19:26,859] DEBUG preRegister called. Server=com.sun.jmx.mbeanserver.JmxMBeanServer@66d3c617, name=log4j:logger=kafka.controller (kafka.controller)
[2019-04-13 23:19:56,376] INFO [ControllerEventThread controllerId=0] Starting (kafka.controller.ControllerEventManager$ControllerEventThread)
[2019-04-13 23:19:56,466] INFO [Controller id=0] 0 successfully elected as the controller. Epoch incremented to 1 and epoch zk version is now 1 (kafka.controller.KafkaController)
[2019-04-13 23:19:56,467] INFO [Controller id=0] Registering handlers (kafka.controller.KafkaController)
[2019-04-13 23:19:56,475] INFO [Controller id=0] Deleting log dir event notifications (kafka.controller.KafkaController)
[2019-04-13 23:19:56,496] INFO [Controller id=0] Deleting isr change notifications (kafka.controller.KafkaController)
[2019-04-13 23:19:56,508] INFO [Controller id=0] Initializing controller context (kafka.controller.KafkaController)
[2019-04-13 23:19:56,849] INFO [Controller id=0] Initialized broker epochs cache: Map(0 -> 24) (kafka.controller.KafkaController)
[2019-04-13 23:19:56,876] DEBUG [Controller id=0] Register BrokerModifications handler for Set(0) (kafka.controller.KafkaController)
[2019-04-13 23:19:56,941] DEBUG [Channel manager on controller 0]: Controller 0 trying to connect to broker 0 (kafka.controller.ControllerChannelManager)
[2019-04-13 23:19:57,071] INFO [Controller id=0] Partitions being reassigned: Map() (kafka.controller.KafkaController)
[2019-04-13 23:19:57,072] INFO [Controller id=0] Currently active brokers in the cluster: Set(0) (kafka.controller.KafkaController)
[2019-04-13 23:19:57,073] INFO [Controller id=0] Currently shutting brokers in the cluster: Set() (kafka.controller.KafkaController)
[2019-04-13 23:19:57,079] INFO [RequestSendThread controllerId=0] Starting (kafka.controller.RequestSendThread)
[2019-04-13 23:19:57,090] INFO [Controller id=0] Current list of topics in the cluster: Set() (kafka.controller.KafkaController)
[2019-04-13 23:19:57,091] INFO [Controller id=0] Fetching topic deletions in progress (kafka.controller.KafkaController)
[2019-04-13 23:19:57,121] INFO [Controller id=0] List of topics to be deleted:  (kafka.controller.KafkaController)
[2019-04-13 23:19:57,121] INFO [Controller id=0] List of topics ineligible for deletion:  (kafka.controller.KafkaController)
[2019-04-13 23:19:57,130] INFO [Controller id=0] Initializing topic deletion manager (kafka.controller.KafkaController)
[2019-04-13 23:19:57,131] INFO [Controller id=0] Sending update metadata request (kafka.controller.KafkaController)
[2019-04-13 23:19:57,231] INFO [ReplicaStateMachine controllerId=0] Initializing replica state (kafka.controller.ReplicaStateMachine)
[2019-04-13 23:19:57,232] INFO [ReplicaStateMachine controllerId=0] Triggering online replica state changes (kafka.controller.ReplicaStateMachine)
[2019-04-13 23:19:57,286] INFO [RequestSendThread controllerId=0] Controller 0 connected to jonatas-VirtualBox:9092 (id: 0 rack: null) for sending state change requests (kafka.controller.RequestSendThread)
[2019-04-13 23:19:57,307] INFO [ReplicaStateMachine controllerId=0] Started replica state machine with initial state -> Map() (kafka.controller.ReplicaStateMachine)
[2019-04-13 23:19:57,308] INFO [PartitionStateMachine controllerId=0] Initializing partition state (kafka.controller.PartitionStateMachine)
[2019-04-13 23:19:57,309] INFO [PartitionStateMachine controllerId=0] Triggering online partition state changes (kafka.controller.PartitionStateMachine)
[2019-04-13 23:19:57,344] INFO [PartitionStateMachine controllerId=0] Started partition state machine with initial state -> Map() (kafka.controller.PartitionStateMachine)
[2019-04-13 23:19:57,345] INFO [Controller id=0] Ready to serve as the new controller with epoch 1 (kafka.controller.KafkaController)
[2019-04-13 23:19:57,352] INFO [Controller id=0] Removing partitions Set() from the list of reassigned partitions in zookeeper (kafka.controller.KafkaController)
[2019-04-13 23:19:57,352] INFO [Controller id=0] No more partitions need to be reassigned. Deleting zk path /admin/reassign_partitions (kafka.controller.KafkaController)
[2019-04-13 23:19:57,385] INFO [Controller id=0] Partitions undergoing preferred replica election:  (kafka.controller.KafkaController)
[2019-04-13 23:19:57,385] INFO [Controller id=0] Partitions that completed preferred replica election:  (kafka.controller.KafkaController)
[2019-04-13 23:19:57,386] INFO [Controller id=0] Skipping preferred replica election for partitions due to topic deletion:  (kafka.controller.KafkaController)
[2019-04-13 23:19:57,386] INFO [Controller id=0] Resuming preferred replica election for partitions:  (kafka.controller.KafkaController)
[2019-04-13 23:19:57,402] INFO [Controller id=0] Starting preferred replica leader election for partitions  (kafka.controller.KafkaController)
[2019-04-13 23:19:57,481] INFO [Controller id=0] Starting the controller scheduler (kafka.controller.KafkaController)
[2019-04-13 23:20:02,487] TRACE [Controller id=0] Checking need to trigger auto leader balancing (kafka.controller.KafkaController)
[2019-04-13 23:20:02,495] DEBUG [Controller id=0] Preferred replicas by broker Map() (kafka.controller.KafkaController)
