[2019-04-13 23:01:50,461] INFO Reading configuration from: config/zookeeper.properties (org.apache.zookeeper.server.quorum.QuorumPeerConfig)
[2019-04-13 23:01:50,463] ERROR Invalid config, exiting abnormally (org.apache.zookeeper.server.quorum.QuorumPeerMain)
org.apache.zookeeper.server.quorum.QuorumPeerConfig$ConfigException: Error processing config/zookeeper.properties
	at org.apache.zookeeper.server.quorum.QuorumPeerConfig.parse(QuorumPeerConfig.java:156)
	at org.apache.zookeeper.server.quorum.QuorumPeerMain.initializeAndRun(QuorumPeerMain.java:104)
	at org.apache.zookeeper.server.quorum.QuorumPeerMain.main(QuorumPeerMain.java:81)
Caused by: java.lang.IllegalArgumentException: config/zookeeper.properties file is missing
	at org.apache.zookeeper.server.quorum.QuorumPeerConfig.parse(QuorumPeerConfig.java:140)
	... 2 more
[2019-04-13 23:02:09,255] INFO Reading configuration from: config/zookeeper.properties (org.apache.zookeeper.server.quorum.QuorumPeerConfig)
[2019-04-13 23:02:09,266] INFO autopurge.snapRetainCount set to 3 (org.apache.zookeeper.server.DatadirCleanupManager)
[2019-04-13 23:02:09,267] INFO autopurge.purgeInterval set to 0 (org.apache.zookeeper.server.DatadirCleanupManager)
[2019-04-13 23:02:09,270] INFO Purge task is not scheduled. (org.apache.zookeeper.server.DatadirCleanupManager)
[2019-04-13 23:02:09,271] WARN Either no config or no quorum defined in config, running  in standalone mode (org.apache.zookeeper.server.quorum.QuorumPeerMain)
[2019-04-13 23:02:09,397] INFO Reading configuration from: config/zookeeper.properties (org.apache.zookeeper.server.quorum.QuorumPeerConfig)
[2019-04-13 23:02:09,403] INFO Starting server (org.apache.zookeeper.server.ZooKeeperServerMain)
[2019-04-13 23:02:09,429] INFO Server environment:zookeeper.version=3.4.13-2d71af4dbe22557fda74f9a9b4309b15a7487f03, built on 06/29/2018 00:39 GMT (org.apache.zookeeper.server.ZooKeeperServer)
[2019-04-13 23:02:09,431] INFO Server environment:host.name=jonatas-VirtualBox (org.apache.zookeeper.server.ZooKeeperServer)
[2019-04-13 23:02:09,439] INFO Server environment:java.version=1.8.0_191 (org.apache.zookeeper.server.ZooKeeperServer)
[2019-04-13 23:02:09,443] INFO Server environment:java.vendor=Oracle Corporation (org.apache.zookeeper.server.ZooKeeperServer)
[2019-04-13 23:02:09,443] INFO Server environment:java.home=/usr/lib/jvm/java-8-openjdk-amd64/jre (org.apache.zookeeper.server.ZooKeeperServer)
[2019-04-13 23:02:09,449] INFO Server environment:java.class.path=/home/jonatas/kafka_2.12-2.2.0/bin/../libs/activation-1.1.1.jar:/home/jonatas/kafka_2.12-2.2.0/bin/../libs/aopalliance-repackaged-2.5.0-b42.jar:/home/jonatas/kafka_2.12-2.2.0/bin/../libs/argparse4j-0.7.0.jar:/home/jonatas/kafka_2.12-2.2.0/bin/../libs/audience-annotations-0.5.0.jar:/home/jonatas/kafka_2.12-2.2.0/bin/../libs/commons-lang3-3.8.1.jar:/home/jonatas/kafka_2.12-2.2.0/bin/../libs/connect-api-2.2.0.jar:/home/jonatas/kafka_2.12-2.2.0/bin/../libs/connect-basic-auth-extension-2.2.0.jar:/home/jonatas/kafka_2.12-2.2.0/bin/../libs/connect-file-2.2.0.jar:/home/jonatas/kafka_2.12-2.2.0/bin/../libs/connect-json-2.2.0.jar:/home/jonatas/kafka_2.12-2.2.0/bin/../libs/connect-runtime-2.2.0.jar:/home/jonatas/kafka_2.12-2.2.0/bin/../libs/connect-transforms-2.2.0.jar:/home/jonatas/kafka_2.12-2.2.0/bin/../libs/guava-20.0.jar:/home/jonatas/kafka_2.12-2.2.0/bin/../libs/hk2-api-2.5.0-b42.jar:/home/jonatas/kafka_2.12-2.2.0/bin/../libs/hk2-locator-2.5.0-b42.jar:/home/jonatas/kafka_2.12-2.2.0/bin/../libs/hk2-utils-2.5.0-b42.jar:/home/jonatas/kafka_2.12-2.2.0/bin/../libs/jackson-annotations-2.9.8.jar:/home/jonatas/kafka_2.12-2.2.0/bin/../libs/jackson-core-2.9.8.jar:/home/jonatas/kafka_2.12-2.2.0/bin/../libs/jackson-databind-2.9.8.jar:/home/jonatas/kafka_2.12-2.2.0/bin/../libs/jackson-datatype-jdk8-2.9.8.jar:/home/jonatas/kafka_2.12-2.2.0/bin/../libs/jackson-jaxrs-base-2.9.8.jar:/home/jonatas/kafka_2.12-2.2.0/bin/../libs/jackson-jaxrs-json-provider-2.9.8.jar:/home/jonatas/kafka_2.12-2.2.0/bin/../libs/jackson-module-jaxb-annotations-2.9.8.jar:/home/jonatas/kafka_2.12-2.2.0/bin/../libs/javassist-3.22.0-CR2.jar:/home/jonatas/kafka_2.12-2.2.0/bin/../libs/javax.annotation-api-1.2.jar:/home/jonatas/kafka_2.12-2.2.0/bin/../libs/javax.inject-1.jar:/home/jonatas/kafka_2.12-2.2.0/bin/../libs/javax.inject-2.5.0-b42.jar:/home/jonatas/kafka_2.12-2.2.0/bin/../libs/javax.servlet-api-3.1.0.jar:/home/jonatas/kafka_2.12-2.2.0/bin/../libs/javax.ws.rs-api-2.1.1.jar:/home/jonatas/kafka_2.12-2.2.0/bin/../libs/javax.ws.rs-api-2.1.jar:/home/jonatas/kafka_2.12-2.2.0/bin/../libs/jaxb-api-2.3.0.jar:/home/jonatas/kafka_2.12-2.2.0/bin/../libs/jersey-client-2.27.jar:/home/jonatas/kafka_2.12-2.2.0/bin/../libs/jersey-common-2.27.jar:/home/jonatas/kafka_2.12-2.2.0/bin/../libs/jersey-container-servlet-2.27.jar:/home/jonatas/kafka_2.12-2.2.0/bin/../libs/jersey-container-servlet-core-2.27.jar:/home/jonatas/kafka_2.12-2.2.0/bin/../libs/jersey-hk2-2.27.jar:/home/jonatas/kafka_2.12-2.2.0/bin/../libs/jersey-media-jaxb-2.27.jar:/home/jonatas/kafka_2.12-2.2.0/bin/../libs/jersey-server-2.27.jar:/home/jonatas/kafka_2.12-2.2.0/bin/../libs/jetty-client-9.4.14.v20181114.jar:/home/jonatas/kafka_2.12-2.2.0/bin/../libs/jetty-continuation-9.4.14.v20181114.jar:/home/jonatas/kafka_2.12-2.2.0/bin/../libs/jetty-http-9.4.14.v20181114.jar:/home/jonatas/kafka_2.12-2.2.0/bin/../libs/jetty-io-9.4.14.v20181114.jar:/home/jonatas/kafka_2.12-2.2.0/bin/../libs/jetty-security-9.4.14.v20181114.jar:/home/jonatas/kafka_2.12-2.2.0/bin/../libs/jetty-server-9.4.14.v20181114.jar:/home/jonatas/kafka_2.12-2.2.0/bin/../libs/jetty-servlet-9.4.14.v20181114.jar:/home/jonatas/kafka_2.12-2.2.0/bin/../libs/jetty-servlets-9.4.14.v20181114.jar:/home/jonatas/kafka_2.12-2.2.0/bin/../libs/jetty-util-9.4.14.v20181114.jar:/home/jonatas/kafka_2.12-2.2.0/bin/../libs/jopt-simple-5.0.4.jar:/home/jonatas/kafka_2.12-2.2.0/bin/../libs/kafka_2.12-2.2.0.jar:/home/jonatas/kafka_2.12-2.2.0/bin/../libs/kafka_2.12-2.2.0-sources.jar:/home/jonatas/kafka_2.12-2.2.0/bin/../libs/kafka-clients-2.2.0.jar:/home/jonatas/kafka_2.12-2.2.0/bin/../libs/kafka-log4j-appender-2.2.0.jar:/home/jonatas/kafka_2.12-2.2.0/bin/../libs/kafka-streams-2.2.0.jar:/home/jonatas/kafka_2.12-2.2.0/bin/../libs/kafka-streams-examples-2.2.0.jar:/home/jonatas/kafka_2.12-2.2.0/bin/../libs/kafka-streams-scala_2.12-2.2.0.jar:/home/jonatas/kafka_2.12-2.2.0/bin/../libs/kafka-streams-test-utils-2.2.0.jar:/home/jonatas/kafka_2.12-2.2.0/bin/../libs/kafka-tools-2.2.0.jar:/home/jonatas/kafka_2.12-2.2.0/bin/../libs/log4j-1.2.17.jar:/home/jonatas/kafka_2.12-2.2.0/bin/../libs/lz4-java-1.5.0.jar:/home/jonatas/kafka_2.12-2.2.0/bin/../libs/maven-artifact-3.6.0.jar:/home/jonatas/kafka_2.12-2.2.0/bin/../libs/metrics-core-2.2.0.jar:/home/jonatas/kafka_2.12-2.2.0/bin/../libs/osgi-resource-locator-1.0.1.jar:/home/jonatas/kafka_2.12-2.2.0/bin/../libs/plexus-utils-3.1.0.jar:/home/jonatas/kafka_2.12-2.2.0/bin/../libs/reflections-0.9.11.jar:/home/jonatas/kafka_2.12-2.2.0/bin/../libs/rocksdbjni-5.15.10.jar:/home/jonatas/kafka_2.12-2.2.0/bin/../libs/scala-library-2.12.8.jar:/home/jonatas/kafka_2.12-2.2.0/bin/../libs/scala-logging_2.12-3.9.0.jar:/home/jonatas/kafka_2.12-2.2.0/bin/../libs/scala-reflect-2.12.8.jar:/home/jonatas/kafka_2.12-2.2.0/bin/../libs/slf4j-api-1.7.25.jar:/home/jonatas/kafka_2.12-2.2.0/bin/../libs/slf4j-log4j12-1.7.25.jar:/home/jonatas/kafka_2.12-2.2.0/bin/../libs/snappy-java-1.1.7.2.jar:/home/jonatas/kafka_2.12-2.2.0/bin/../libs/validation-api-1.1.0.Final.jar:/home/jonatas/kafka_2.12-2.2.0/bin/../libs/zkclient-0.11.jar:/home/jonatas/kafka_2.12-2.2.0/bin/../libs/zookeeper-3.4.13.jar:/home/jonatas/kafka_2.12-2.2.0/bin/../libs/zstd-jni-1.3.8-1.jar (org.apache.zookeeper.server.ZooKeeperServer)
[2019-04-13 23:02:09,456] INFO Server environment:java.library.path=/usr/java/packages/lib/amd64:/usr/lib/x86_64-linux-gnu/jni:/lib/x86_64-linux-gnu:/usr/lib/x86_64-linux-gnu:/usr/lib/jni:/lib:/usr/lib (org.apache.zookeeper.server.ZooKeeperServer)
[2019-04-13 23:02:09,458] INFO Server environment:java.io.tmpdir=/tmp (org.apache.zookeeper.server.ZooKeeperServer)
[2019-04-13 23:02:09,459] INFO Server environment:java.compiler=<NA> (org.apache.zookeeper.server.ZooKeeperServer)
[2019-04-13 23:02:09,461] INFO Server environment:os.name=Linux (org.apache.zookeeper.server.ZooKeeperServer)
[2019-04-13 23:02:09,461] INFO Server environment:os.arch=amd64 (org.apache.zookeeper.server.ZooKeeperServer)
[2019-04-13 23:02:09,461] INFO Server environment:os.version=4.15.0-42-generic (org.apache.zookeeper.server.ZooKeeperServer)
[2019-04-13 23:02:09,461] INFO Server environment:user.name=jonatas (org.apache.zookeeper.server.ZooKeeperServer)
[2019-04-13 23:02:09,462] INFO Server environment:user.home=/home/jonatas (org.apache.zookeeper.server.ZooKeeperServer)
[2019-04-13 23:02:09,462] INFO Server environment:user.dir=/home/jonatas/kafka_2.12-2.2.0 (org.apache.zookeeper.server.ZooKeeperServer)
[2019-04-13 23:02:09,491] INFO tickTime set to 3000 (org.apache.zookeeper.server.ZooKeeperServer)
[2019-04-13 23:02:09,491] INFO minSessionTimeout set to -1 (org.apache.zookeeper.server.ZooKeeperServer)
[2019-04-13 23:02:09,491] INFO maxSessionTimeout set to -1 (org.apache.zookeeper.server.ZooKeeperServer)
[2019-04-13 23:02:09,530] INFO Using org.apache.zookeeper.server.NIOServerCnxnFactory as server connection factory (org.apache.zookeeper.server.ServerCnxnFactory)
[2019-04-13 23:02:09,552] INFO binding to port 0.0.0.0/0.0.0.0:2181 (org.apache.zookeeper.server.NIOServerCnxnFactory)
[2019-04-13 23:17:07,178] INFO Registered kafka:type=kafka.Log4jController MBean (kafka.utils.Log4jControllerRegistration$)
[2019-04-13 23:17:08,511] INFO starting (kafka.server.KafkaServer)
[2019-04-13 23:17:08,513] INFO Connecting to zookeeper on localhost:2181 (kafka.server.KafkaServer)
[2019-04-13 23:17:08,605] INFO [ZooKeeperClient] Initializing a new session to localhost:2181. (kafka.zookeeper.ZooKeeperClient)
[2019-04-13 23:17:08,628] INFO Client environment:zookeeper.version=3.4.13-2d71af4dbe22557fda74f9a9b4309b15a7487f03, built on 06/29/2018 00:39 GMT (org.apache.zookeeper.ZooKeeper)
[2019-04-13 23:17:08,629] INFO Client environment:host.name=jonatas-VirtualBox (org.apache.zookeeper.ZooKeeper)
[2019-04-13 23:17:08,629] INFO Client environment:java.version=1.8.0_191 (org.apache.zookeeper.ZooKeeper)
[2019-04-13 23:17:08,630] INFO Client environment:java.vendor=Oracle Corporation (org.apache.zookeeper.ZooKeeper)
[2019-04-13 23:17:08,630] INFO Client environment:java.home=/usr/lib/jvm/java-8-openjdk-amd64/jre (org.apache.zookeeper.ZooKeeper)
[2019-04-13 23:17:08,630] INFO Client environment:java.class.path=/home/jonatas/kafka_2.12-2.2.0/bin/../libs/activation-1.1.1.jar:/home/jonatas/kafka_2.12-2.2.0/bin/../libs/aopalliance-repackaged-2.5.0-b42.jar:/home/jonatas/kafka_2.12-2.2.0/bin/../libs/argparse4j-0.7.0.jar:/home/jonatas/kafka_2.12-2.2.0/bin/../libs/audience-annotations-0.5.0.jar:/home/jonatas/kafka_2.12-2.2.0/bin/../libs/commons-lang3-3.8.1.jar:/home/jonatas/kafka_2.12-2.2.0/bin/../libs/connect-api-2.2.0.jar:/home/jonatas/kafka_2.12-2.2.0/bin/../libs/connect-basic-auth-extension-2.2.0.jar:/home/jonatas/kafka_2.12-2.2.0/bin/../libs/connect-file-2.2.0.jar:/home/jonatas/kafka_2.12-2.2.0/bin/../libs/connect-json-2.2.0.jar:/home/jonatas/kafka_2.12-2.2.0/bin/../libs/connect-runtime-2.2.0.jar:/home/jonatas/kafka_2.12-2.2.0/bin/../libs/connect-transforms-2.2.0.jar:/home/jonatas/kafka_2.12-2.2.0/bin/../libs/guava-20.0.jar:/home/jonatas/kafka_2.12-2.2.0/bin/../libs/hk2-api-2.5.0-b42.jar:/home/jonatas/kafka_2.12-2.2.0/bin/../libs/hk2-locator-2.5.0-b42.jar:/home/jonatas/kafka_2.12-2.2.0/bin/../libs/hk2-utils-2.5.0-b42.jar:/home/jonatas/kafka_2.12-2.2.0/bin/../libs/jackson-annotations-2.9.8.jar:/home/jonatas/kafka_2.12-2.2.0/bin/../libs/jackson-core-2.9.8.jar:/home/jonatas/kafka_2.12-2.2.0/bin/../libs/jackson-databind-2.9.8.jar:/home/jonatas/kafka_2.12-2.2.0/bin/../libs/jackson-datatype-jdk8-2.9.8.jar:/home/jonatas/kafka_2.12-2.2.0/bin/../libs/jackson-jaxrs-base-2.9.8.jar:/home/jonatas/kafka_2.12-2.2.0/bin/../libs/jackson-jaxrs-json-provider-2.9.8.jar:/home/jonatas/kafka_2.12-2.2.0/bin/../libs/jackson-module-jaxb-annotations-2.9.8.jar:/home/jonatas/kafka_2.12-2.2.0/bin/../libs/javassist-3.22.0-CR2.jar:/home/jonatas/kafka_2.12-2.2.0/bin/../libs/javax.annotation-api-1.2.jar:/home/jonatas/kafka_2.12-2.2.0/bin/../libs/javax.inject-1.jar:/home/jonatas/kafka_2.12-2.2.0/bin/../libs/javax.inject-2.5.0-b42.jar:/home/jonatas/kafka_2.12-2.2.0/bin/../libs/javax.servlet-api-3.1.0.jar:/home/jonatas/kafka_2.12-2.2.0/bin/../libs/javax.ws.rs-api-2.1.1.jar:/home/jonatas/kafka_2.12-2.2.0/bin/../libs/javax.ws.rs-api-2.1.jar:/home/jonatas/kafka_2.12-2.2.0/bin/../libs/jaxb-api-2.3.0.jar:/home/jonatas/kafka_2.12-2.2.0/bin/../libs/jersey-client-2.27.jar:/home/jonatas/kafka_2.12-2.2.0/bin/../libs/jersey-common-2.27.jar:/home/jonatas/kafka_2.12-2.2.0/bin/../libs/jersey-container-servlet-2.27.jar:/home/jonatas/kafka_2.12-2.2.0/bin/../libs/jersey-container-servlet-core-2.27.jar:/home/jonatas/kafka_2.12-2.2.0/bin/../libs/jersey-hk2-2.27.jar:/home/jonatas/kafka_2.12-2.2.0/bin/../libs/jersey-media-jaxb-2.27.jar:/home/jonatas/kafka_2.12-2.2.0/bin/../libs/jersey-server-2.27.jar:/home/jonatas/kafka_2.12-2.2.0/bin/../libs/jetty-client-9.4.14.v20181114.jar:/home/jonatas/kafka_2.12-2.2.0/bin/../libs/jetty-continuation-9.4.14.v20181114.jar:/home/jonatas/kafka_2.12-2.2.0/bin/../libs/jetty-http-9.4.14.v20181114.jar:/home/jonatas/kafka_2.12-2.2.0/bin/../libs/jetty-io-9.4.14.v20181114.jar:/home/jonatas/kafka_2.12-2.2.0/bin/../libs/jetty-security-9.4.14.v20181114.jar:/home/jonatas/kafka_2.12-2.2.0/bin/../libs/jetty-server-9.4.14.v20181114.jar:/home/jonatas/kafka_2.12-2.2.0/bin/../libs/jetty-servlet-9.4.14.v20181114.jar:/home/jonatas/kafka_2.12-2.2.0/bin/../libs/jetty-servlets-9.4.14.v20181114.jar:/home/jonatas/kafka_2.12-2.2.0/bin/../libs/jetty-util-9.4.14.v20181114.jar:/home/jonatas/kafka_2.12-2.2.0/bin/../libs/jopt-simple-5.0.4.jar:/home/jonatas/kafka_2.12-2.2.0/bin/../libs/kafka_2.12-2.2.0.jar:/home/jonatas/kafka_2.12-2.2.0/bin/../libs/kafka_2.12-2.2.0-sources.jar:/home/jonatas/kafka_2.12-2.2.0/bin/../libs/kafka-clients-2.2.0.jar:/home/jonatas/kafka_2.12-2.2.0/bin/../libs/kafka-log4j-appender-2.2.0.jar:/home/jonatas/kafka_2.12-2.2.0/bin/../libs/kafka-streams-2.2.0.jar:/home/jonatas/kafka_2.12-2.2.0/bin/../libs/kafka-streams-examples-2.2.0.jar:/home/jonatas/kafka_2.12-2.2.0/bin/../libs/kafka-streams-scala_2.12-2.2.0.jar:/home/jonatas/kafka_2.12-2.2.0/bin/../libs/kafka-streams-test-utils-2.2.0.jar:/home/jonatas/kafka_2.12-2.2.0/bin/../libs/kafka-tools-2.2.0.jar:/home/jonatas/kafka_2.12-2.2.0/bin/../libs/log4j-1.2.17.jar:/home/jonatas/kafka_2.12-2.2.0/bin/../libs/lz4-java-1.5.0.jar:/home/jonatas/kafka_2.12-2.2.0/bin/../libs/maven-artifact-3.6.0.jar:/home/jonatas/kafka_2.12-2.2.0/bin/../libs/metrics-core-2.2.0.jar:/home/jonatas/kafka_2.12-2.2.0/bin/../libs/osgi-resource-locator-1.0.1.jar:/home/jonatas/kafka_2.12-2.2.0/bin/../libs/plexus-utils-3.1.0.jar:/home/jonatas/kafka_2.12-2.2.0/bin/../libs/reflections-0.9.11.jar:/home/jonatas/kafka_2.12-2.2.0/bin/../libs/rocksdbjni-5.15.10.jar:/home/jonatas/kafka_2.12-2.2.0/bin/../libs/scala-library-2.12.8.jar:/home/jonatas/kafka_2.12-2.2.0/bin/../libs/scala-logging_2.12-3.9.0.jar:/home/jonatas/kafka_2.12-2.2.0/bin/../libs/scala-reflect-2.12.8.jar:/home/jonatas/kafka_2.12-2.2.0/bin/../libs/slf4j-api-1.7.25.jar:/home/jonatas/kafka_2.12-2.2.0/bin/../libs/slf4j-log4j12-1.7.25.jar:/home/jonatas/kafka_2.12-2.2.0/bin/../libs/snappy-java-1.1.7.2.jar:/home/jonatas/kafka_2.12-2.2.0/bin/../libs/validation-api-1.1.0.Final.jar:/home/jonatas/kafka_2.12-2.2.0/bin/../libs/zkclient-0.11.jar:/home/jonatas/kafka_2.12-2.2.0/bin/../libs/zookeeper-3.4.13.jar:/home/jonatas/kafka_2.12-2.2.0/bin/../libs/zstd-jni-1.3.8-1.jar (org.apache.zookeeper.ZooKeeper)
[2019-04-13 23:17:08,636] INFO Client environment:java.library.path=/usr/java/packages/lib/amd64:/usr/lib/x86_64-linux-gnu/jni:/lib/x86_64-linux-gnu:/usr/lib/x86_64-linux-gnu:/usr/lib/jni:/lib:/usr/lib (org.apache.zookeeper.ZooKeeper)
[2019-04-13 23:17:08,639] INFO Client environment:java.io.tmpdir=/tmp (org.apache.zookeeper.ZooKeeper)
[2019-04-13 23:17:08,639] INFO Client environment:java.compiler=<NA> (org.apache.zookeeper.ZooKeeper)
[2019-04-13 23:17:08,639] INFO Client environment:os.name=Linux (org.apache.zookeeper.ZooKeeper)
[2019-04-13 23:17:08,639] INFO Client environment:os.arch=amd64 (org.apache.zookeeper.ZooKeeper)
[2019-04-13 23:17:08,640] INFO Client environment:os.version=4.15.0-42-generic (org.apache.zookeeper.ZooKeeper)
[2019-04-13 23:17:08,640] INFO Client environment:user.name=jonatas (org.apache.zookeeper.ZooKeeper)
[2019-04-13 23:17:08,640] INFO Client environment:user.home=/home/jonatas (org.apache.zookeeper.ZooKeeper)
[2019-04-13 23:17:08,640] INFO Client environment:user.dir=/home/jonatas/kafka_2.12-2.2.0 (org.apache.zookeeper.ZooKeeper)
[2019-04-13 23:17:08,642] INFO Initiating client connection, connectString=localhost:2181 sessionTimeout=6000 watcher=kafka.zookeeper.ZooKeeperClient$ZooKeeperClientWatcher$@67a20f67 (org.apache.zookeeper.ZooKeeper)
[2019-04-13 23:17:08,674] INFO Opening socket connection to server localhost/127.0.0.1:2181. Will not attempt to authenticate using SASL (unknown error) (org.apache.zookeeper.ClientCnxn)
[2019-04-13 23:17:08,688] INFO [ZooKeeperClient] Waiting until connected. (kafka.zookeeper.ZooKeeperClient)
[2019-04-13 23:17:08,703] INFO Socket error occurred: localhost/127.0.0.1:2181: Conexão recusada (org.apache.zookeeper.ClientCnxn)
[2019-04-13 23:17:09,809] INFO Opening socket connection to server localhost/127.0.0.1:2181. Will not attempt to authenticate using SASL (unknown error) (org.apache.zookeeper.ClientCnxn)
[2019-04-13 23:17:09,815] INFO Socket error occurred: localhost/127.0.0.1:2181: Conexão recusada (org.apache.zookeeper.ClientCnxn)
[2019-04-13 23:17:10,920] INFO Opening socket connection to server localhost/127.0.0.1:2181. Will not attempt to authenticate using SASL (unknown error) (org.apache.zookeeper.ClientCnxn)
[2019-04-13 23:17:10,921] INFO Socket error occurred: localhost/127.0.0.1:2181: Conexão recusada (org.apache.zookeeper.ClientCnxn)
[2019-04-13 23:17:12,022] INFO Opening socket connection to server localhost/127.0.0.1:2181. Will not attempt to authenticate using SASL (unknown error) (org.apache.zookeeper.ClientCnxn)
[2019-04-13 23:17:12,023] INFO Socket error occurred: localhost/127.0.0.1:2181: Conexão recusada (org.apache.zookeeper.ClientCnxn)
[2019-04-13 23:17:13,124] INFO Opening socket connection to server localhost/127.0.0.1:2181. Will not attempt to authenticate using SASL (unknown error) (org.apache.zookeeper.ClientCnxn)
[2019-04-13 23:17:13,125] INFO Socket error occurred: localhost/127.0.0.1:2181: Conexão recusada (org.apache.zookeeper.ClientCnxn)
[2019-04-13 23:17:14,226] INFO Opening socket connection to server localhost/127.0.0.1:2181. Will not attempt to authenticate using SASL (unknown error) (org.apache.zookeeper.ClientCnxn)
[2019-04-13 23:17:14,227] INFO Socket error occurred: localhost/127.0.0.1:2181: Conexão recusada (org.apache.zookeeper.ClientCnxn)
[2019-04-13 23:17:14,691] INFO [ZooKeeperClient] Closing. (kafka.zookeeper.ZooKeeperClient)
[2019-04-13 23:17:15,328] INFO Opening socket connection to server localhost/127.0.0.1:2181. Will not attempt to authenticate using SASL (unknown error) (org.apache.zookeeper.ClientCnxn)
[2019-04-13 23:17:15,433] INFO Session: 0x0 closed (org.apache.zookeeper.ZooKeeper)
[2019-04-13 23:17:15,433] INFO EventThread shut down for session: 0x0 (org.apache.zookeeper.ClientCnxn)
[2019-04-13 23:17:15,455] INFO [ZooKeeperClient] Closed. (kafka.zookeeper.ZooKeeperClient)
[2019-04-13 23:17:15,465] ERROR Fatal error during KafkaServer startup. Prepare to shutdown (kafka.server.KafkaServer)
kafka.zookeeper.ZooKeeperClientTimeoutException: Timed out waiting for connection while in state: CONNECTING
	at kafka.zookeeper.ZooKeeperClient.$anonfun$waitUntilConnected$3(ZooKeeperClient.scala:242)
	at scala.runtime.java8.JFunction0$mcV$sp.apply(JFunction0$mcV$sp.java:23)
	at kafka.utils.CoreUtils$.inLock(CoreUtils.scala:251)
	at kafka.zookeeper.ZooKeeperClient.waitUntilConnected(ZooKeeperClient.scala:238)
	at kafka.zookeeper.ZooKeeperClient.<init>(ZooKeeperClient.scala:96)
	at kafka.zk.KafkaZkClient$.apply(KafkaZkClient.scala:1825)
	at kafka.server.KafkaServer.createZkClient$1(KafkaServer.scala:361)
	at kafka.server.KafkaServer.initZkClient(KafkaServer.scala:385)
	at kafka.server.KafkaServer.startup(KafkaServer.scala:205)
	at kafka.server.KafkaServerStartable.startup(KafkaServerStartable.scala:38)
	at kafka.Kafka$.main(Kafka.scala:75)
	at kafka.Kafka.main(Kafka.scala)
[2019-04-13 23:17:15,500] INFO shutting down (kafka.server.KafkaServer)
[2019-04-13 23:17:15,565] INFO shut down completed (kafka.server.KafkaServer)
[2019-04-13 23:17:15,572] ERROR Exiting Kafka. (kafka.server.KafkaServerStartable)
[2019-04-13 23:17:15,601] INFO shutting down (kafka.server.KafkaServer)
[2019-04-13 23:17:33,703] INFO Registered kafka:type=kafka.Log4jController MBean (kafka.utils.Log4jControllerRegistration$)
[2019-04-13 23:17:34,957] INFO starting (kafka.server.KafkaServer)
[2019-04-13 23:17:34,963] INFO Connecting to zookeeper on localhost:2181 (kafka.server.KafkaServer)
[2019-04-13 23:17:35,055] INFO [ZooKeeperClient] Initializing a new session to localhost:2181. (kafka.zookeeper.ZooKeeperClient)
[2019-04-13 23:17:35,071] INFO Client environment:zookeeper.version=3.4.13-2d71af4dbe22557fda74f9a9b4309b15a7487f03, built on 06/29/2018 00:39 GMT (org.apache.zookeeper.ZooKeeper)
[2019-04-13 23:17:35,071] INFO Client environment:host.name=jonatas-VirtualBox (org.apache.zookeeper.ZooKeeper)
[2019-04-13 23:17:35,071] INFO Client environment:java.version=1.8.0_191 (org.apache.zookeeper.ZooKeeper)
[2019-04-13 23:17:35,072] INFO Client environment:java.vendor=Oracle Corporation (org.apache.zookeeper.ZooKeeper)
[2019-04-13 23:17:35,072] INFO Client environment:java.home=/usr/lib/jvm/java-8-openjdk-amd64/jre (org.apache.zookeeper.ZooKeeper)
[2019-04-13 23:17:35,072] INFO Client environment:java.class.path=/home/jonatas/kafka_2.12-2.2.0/bin/../libs/activation-1.1.1.jar:/home/jonatas/kafka_2.12-2.2.0/bin/../libs/aopalliance-repackaged-2.5.0-b42.jar:/home/jonatas/kafka_2.12-2.2.0/bin/../libs/argparse4j-0.7.0.jar:/home/jonatas/kafka_2.12-2.2.0/bin/../libs/audience-annotations-0.5.0.jar:/home/jonatas/kafka_2.12-2.2.0/bin/../libs/commons-lang3-3.8.1.jar:/home/jonatas/kafka_2.12-2.2.0/bin/../libs/connect-api-2.2.0.jar:/home/jonatas/kafka_2.12-2.2.0/bin/../libs/connect-basic-auth-extension-2.2.0.jar:/home/jonatas/kafka_2.12-2.2.0/bin/../libs/connect-file-2.2.0.jar:/home/jonatas/kafka_2.12-2.2.0/bin/../libs/connect-json-2.2.0.jar:/home/jonatas/kafka_2.12-2.2.0/bin/../libs/connect-runtime-2.2.0.jar:/home/jonatas/kafka_2.12-2.2.0/bin/../libs/connect-transforms-2.2.0.jar:/home/jonatas/kafka_2.12-2.2.0/bin/../libs/guava-20.0.jar:/home/jonatas/kafka_2.12-2.2.0/bin/../libs/hk2-api-2.5.0-b42.jar:/home/jonatas/kafka_2.12-2.2.0/bin/../libs/hk2-locator-2.5.0-b42.jar:/home/jonatas/kafka_2.12-2.2.0/bin/../libs/hk2-utils-2.5.0-b42.jar:/home/jonatas/kafka_2.12-2.2.0/bin/../libs/jackson-annotations-2.9.8.jar:/home/jonatas/kafka_2.12-2.2.0/bin/../libs/jackson-core-2.9.8.jar:/home/jonatas/kafka_2.12-2.2.0/bin/../libs/jackson-databind-2.9.8.jar:/home/jonatas/kafka_2.12-2.2.0/bin/../libs/jackson-datatype-jdk8-2.9.8.jar:/home/jonatas/kafka_2.12-2.2.0/bin/../libs/jackson-jaxrs-base-2.9.8.jar:/home/jonatas/kafka_2.12-2.2.0/bin/../libs/jackson-jaxrs-json-provider-2.9.8.jar:/home/jonatas/kafka_2.12-2.2.0/bin/../libs/jackson-module-jaxb-annotations-2.9.8.jar:/home/jonatas/kafka_2.12-2.2.0/bin/../libs/javassist-3.22.0-CR2.jar:/home/jonatas/kafka_2.12-2.2.0/bin/../libs/javax.annotation-api-1.2.jar:/home/jonatas/kafka_2.12-2.2.0/bin/../libs/javax.inject-1.jar:/home/jonatas/kafka_2.12-2.2.0/bin/../libs/javax.inject-2.5.0-b42.jar:/home/jonatas/kafka_2.12-2.2.0/bin/../libs/javax.servlet-api-3.1.0.jar:/home/jonatas/kafka_2.12-2.2.0/bin/../libs/javax.ws.rs-api-2.1.1.jar:/home/jonatas/kafka_2.12-2.2.0/bin/../libs/javax.ws.rs-api-2.1.jar:/home/jonatas/kafka_2.12-2.2.0/bin/../libs/jaxb-api-2.3.0.jar:/home/jonatas/kafka_2.12-2.2.0/bin/../libs/jersey-client-2.27.jar:/home/jonatas/kafka_2.12-2.2.0/bin/../libs/jersey-common-2.27.jar:/home/jonatas/kafka_2.12-2.2.0/bin/../libs/jersey-container-servlet-2.27.jar:/home/jonatas/kafka_2.12-2.2.0/bin/../libs/jersey-container-servlet-core-2.27.jar:/home/jonatas/kafka_2.12-2.2.0/bin/../libs/jersey-hk2-2.27.jar:/home/jonatas/kafka_2.12-2.2.0/bin/../libs/jersey-media-jaxb-2.27.jar:/home/jonatas/kafka_2.12-2.2.0/bin/../libs/jersey-server-2.27.jar:/home/jonatas/kafka_2.12-2.2.0/bin/../libs/jetty-client-9.4.14.v20181114.jar:/home/jonatas/kafka_2.12-2.2.0/bin/../libs/jetty-continuation-9.4.14.v20181114.jar:/home/jonatas/kafka_2.12-2.2.0/bin/../libs/jetty-http-9.4.14.v20181114.jar:/home/jonatas/kafka_2.12-2.2.0/bin/../libs/jetty-io-9.4.14.v20181114.jar:/home/jonatas/kafka_2.12-2.2.0/bin/../libs/jetty-security-9.4.14.v20181114.jar:/home/jonatas/kafka_2.12-2.2.0/bin/../libs/jetty-server-9.4.14.v20181114.jar:/home/jonatas/kafka_2.12-2.2.0/bin/../libs/jetty-servlet-9.4.14.v20181114.jar:/home/jonatas/kafka_2.12-2.2.0/bin/../libs/jetty-servlets-9.4.14.v20181114.jar:/home/jonatas/kafka_2.12-2.2.0/bin/../libs/jetty-util-9.4.14.v20181114.jar:/home/jonatas/kafka_2.12-2.2.0/bin/../libs/jopt-simple-5.0.4.jar:/home/jonatas/kafka_2.12-2.2.0/bin/../libs/kafka_2.12-2.2.0.jar:/home/jonatas/kafka_2.12-2.2.0/bin/../libs/kafka_2.12-2.2.0-sources.jar:/home/jonatas/kafka_2.12-2.2.0/bin/../libs/kafka-clients-2.2.0.jar:/home/jonatas/kafka_2.12-2.2.0/bin/../libs/kafka-log4j-appender-2.2.0.jar:/home/jonatas/kafka_2.12-2.2.0/bin/../libs/kafka-streams-2.2.0.jar:/home/jonatas/kafka_2.12-2.2.0/bin/../libs/kafka-streams-examples-2.2.0.jar:/home/jonatas/kafka_2.12-2.2.0/bin/../libs/kafka-streams-scala_2.12-2.2.0.jar:/home/jonatas/kafka_2.12-2.2.0/bin/../libs/kafka-streams-test-utils-2.2.0.jar:/home/jonatas/kafka_2.12-2.2.0/bin/../libs/kafka-tools-2.2.0.jar:/home/jonatas/kafka_2.12-2.2.0/bin/../libs/log4j-1.2.17.jar:/home/jonatas/kafka_2.12-2.2.0/bin/../libs/lz4-java-1.5.0.jar:/home/jonatas/kafka_2.12-2.2.0/bin/../libs/maven-artifact-3.6.0.jar:/home/jonatas/kafka_2.12-2.2.0/bin/../libs/metrics-core-2.2.0.jar:/home/jonatas/kafka_2.12-2.2.0/bin/../libs/osgi-resource-locator-1.0.1.jar:/home/jonatas/kafka_2.12-2.2.0/bin/../libs/plexus-utils-3.1.0.jar:/home/jonatas/kafka_2.12-2.2.0/bin/../libs/reflections-0.9.11.jar:/home/jonatas/kafka_2.12-2.2.0/bin/../libs/rocksdbjni-5.15.10.jar:/home/jonatas/kafka_2.12-2.2.0/bin/../libs/scala-library-2.12.8.jar:/home/jonatas/kafka_2.12-2.2.0/bin/../libs/scala-logging_2.12-3.9.0.jar:/home/jonatas/kafka_2.12-2.2.0/bin/../libs/scala-reflect-2.12.8.jar:/home/jonatas/kafka_2.12-2.2.0/bin/../libs/slf4j-api-1.7.25.jar:/home/jonatas/kafka_2.12-2.2.0/bin/../libs/slf4j-log4j12-1.7.25.jar:/home/jonatas/kafka_2.12-2.2.0/bin/../libs/snappy-java-1.1.7.2.jar:/home/jonatas/kafka_2.12-2.2.0/bin/../libs/validation-api-1.1.0.Final.jar:/home/jonatas/kafka_2.12-2.2.0/bin/../libs/zkclient-0.11.jar:/home/jonatas/kafka_2.12-2.2.0/bin/../libs/zookeeper-3.4.13.jar:/home/jonatas/kafka_2.12-2.2.0/bin/../libs/zstd-jni-1.3.8-1.jar (org.apache.zookeeper.ZooKeeper)
[2019-04-13 23:17:35,074] INFO Client environment:java.library.path=/usr/java/packages/lib/amd64:/usr/lib/x86_64-linux-gnu/jni:/lib/x86_64-linux-gnu:/usr/lib/x86_64-linux-gnu:/usr/lib/jni:/lib:/usr/lib (org.apache.zookeeper.ZooKeeper)
[2019-04-13 23:17:35,075] INFO Client environment:java.io.tmpdir=/tmp (org.apache.zookeeper.ZooKeeper)
[2019-04-13 23:17:35,079] INFO Client environment:java.compiler=<NA> (org.apache.zookeeper.ZooKeeper)
[2019-04-13 23:17:35,079] INFO Client environment:os.name=Linux (org.apache.zookeeper.ZooKeeper)
[2019-04-13 23:17:35,079] INFO Client environment:os.arch=amd64 (org.apache.zookeeper.ZooKeeper)
[2019-04-13 23:17:35,079] INFO Client environment:os.version=4.15.0-42-generic (org.apache.zookeeper.ZooKeeper)
[2019-04-13 23:17:35,079] INFO Client environment:user.name=jonatas (org.apache.zookeeper.ZooKeeper)
[2019-04-13 23:17:35,079] INFO Client environment:user.home=/home/jonatas (org.apache.zookeeper.ZooKeeper)
[2019-04-13 23:17:35,080] INFO Client environment:user.dir=/home/jonatas/kafka_2.12-2.2.0 (org.apache.zookeeper.ZooKeeper)
[2019-04-13 23:17:35,081] INFO Initiating client connection, connectString=localhost:2181 sessionTimeout=6000 watcher=kafka.zookeeper.ZooKeeperClient$ZooKeeperClientWatcher$@67a20f67 (org.apache.zookeeper.ZooKeeper)
[2019-04-13 23:17:35,112] INFO Opening socket connection to server localhost/127.0.0.1:2181. Will not attempt to authenticate using SASL (unknown error) (org.apache.zookeeper.ClientCnxn)
[2019-04-13 23:17:35,118] INFO [ZooKeeperClient] Waiting until connected. (kafka.zookeeper.ZooKeeperClient)
[2019-04-13 23:17:35,143] INFO Socket error occurred: localhost/127.0.0.1:2181: Conexão recusada (org.apache.zookeeper.ClientCnxn)
[2019-04-13 23:17:36,248] INFO Opening socket connection to server localhost/127.0.0.1:2181. Will not attempt to authenticate using SASL (unknown error) (org.apache.zookeeper.ClientCnxn)
[2019-04-13 23:17:36,255] INFO Socket error occurred: localhost/127.0.0.1:2181: Conexão recusada (org.apache.zookeeper.ClientCnxn)
[2019-04-13 23:17:37,357] INFO Opening socket connection to server localhost/127.0.0.1:2181. Will not attempt to authenticate using SASL (unknown error) (org.apache.zookeeper.ClientCnxn)
[2019-04-13 23:17:37,360] INFO Socket error occurred: localhost/127.0.0.1:2181: Conexão recusada (org.apache.zookeeper.ClientCnxn)
[2019-04-13 23:17:38,465] INFO Opening socket connection to server localhost/127.0.0.1:2181. Will not attempt to authenticate using SASL (unknown error) (org.apache.zookeeper.ClientCnxn)
[2019-04-13 23:17:38,467] INFO Socket error occurred: localhost/127.0.0.1:2181: Conexão recusada (org.apache.zookeeper.ClientCnxn)
[2019-04-13 23:17:39,569] INFO Opening socket connection to server localhost/127.0.0.1:2181. Will not attempt to authenticate using SASL (unknown error) (org.apache.zookeeper.ClientCnxn)
[2019-04-13 23:17:39,571] INFO Socket error occurred: localhost/127.0.0.1:2181: Conexão recusada (org.apache.zookeeper.ClientCnxn)
[2019-04-13 23:17:40,673] INFO Opening socket connection to server localhost/127.0.0.1:2181. Will not attempt to authenticate using SASL (unknown error) (org.apache.zookeeper.ClientCnxn)
[2019-04-13 23:17:40,679] INFO Socket error occurred: localhost/127.0.0.1:2181: Conexão recusada (org.apache.zookeeper.ClientCnxn)
[2019-04-13 23:17:41,129] INFO [ZooKeeperClient] Closing. (kafka.zookeeper.ZooKeeperClient)
[2019-04-13 23:17:41,782] INFO Opening socket connection to server localhost/127.0.0.1:2181. Will not attempt to authenticate using SASL (unknown error) (org.apache.zookeeper.ClientCnxn)
[2019-04-13 23:17:41,887] INFO Session: 0x0 closed (org.apache.zookeeper.ZooKeeper)
[2019-04-13 23:17:41,888] INFO EventThread shut down for session: 0x0 (org.apache.zookeeper.ClientCnxn)
[2019-04-13 23:17:41,898] INFO [ZooKeeperClient] Closed. (kafka.zookeeper.ZooKeeperClient)
[2019-04-13 23:17:41,912] ERROR Fatal error during KafkaServer startup. Prepare to shutdown (kafka.server.KafkaServer)
kafka.zookeeper.ZooKeeperClientTimeoutException: Timed out waiting for connection while in state: CONNECTING
	at kafka.zookeeper.ZooKeeperClient.$anonfun$waitUntilConnected$3(ZooKeeperClient.scala:242)
	at scala.runtime.java8.JFunction0$mcV$sp.apply(JFunction0$mcV$sp.java:23)
	at kafka.utils.CoreUtils$.inLock(CoreUtils.scala:251)
	at kafka.zookeeper.ZooKeeperClient.waitUntilConnected(ZooKeeperClient.scala:238)
	at kafka.zookeeper.ZooKeeperClient.<init>(ZooKeeperClient.scala:96)
	at kafka.zk.KafkaZkClient$.apply(KafkaZkClient.scala:1825)
	at kafka.server.KafkaServer.createZkClient$1(KafkaServer.scala:361)
	at kafka.server.KafkaServer.initZkClient(KafkaServer.scala:385)
	at kafka.server.KafkaServer.startup(KafkaServer.scala:205)
	at kafka.server.KafkaServerStartable.startup(KafkaServerStartable.scala:38)
	at kafka.Kafka$.main(Kafka.scala:75)
	at kafka.Kafka.main(Kafka.scala)
[2019-04-13 23:17:41,928] INFO shutting down (kafka.server.KafkaServer)
[2019-04-13 23:17:41,983] INFO shut down completed (kafka.server.KafkaServer)
[2019-04-13 23:17:41,984] ERROR Exiting Kafka. (kafka.server.KafkaServerStartable)
[2019-04-13 23:17:42,003] INFO shutting down (kafka.server.KafkaServer)
[2019-04-13 23:18:03,944] INFO Reading configuration from: config/server.properties (org.apache.zookeeper.server.quorum.QuorumPeerConfig)
[2019-04-13 23:18:03,950] ERROR Invalid config, exiting abnormally (org.apache.zookeeper.server.quorum.QuorumPeerMain)
org.apache.zookeeper.server.quorum.QuorumPeerConfig$ConfigException: Error processing config/server.properties
	at org.apache.zookeeper.server.quorum.QuorumPeerConfig.parse(QuorumPeerConfig.java:156)
	at org.apache.zookeeper.server.quorum.QuorumPeerMain.initializeAndRun(QuorumPeerMain.java:104)
	at org.apache.zookeeper.server.quorum.QuorumPeerMain.main(QuorumPeerMain.java:81)
Caused by: java.lang.NumberFormatException: For input string: "initial.rebalance.delay.ms"
	at java.lang.NumberFormatException.forInputString(NumberFormatException.java:65)
	at java.lang.Long.parseLong(Long.java:589)
	at java.lang.Long.parseLong(Long.java:631)
	at org.apache.zookeeper.server.quorum.QuorumPeerConfig.parseProperties(QuorumPeerConfig.java:244)
	at org.apache.zookeeper.server.quorum.QuorumPeerConfig.parse(QuorumPeerConfig.java:152)
	... 2 more
[2019-04-13 23:19:26,753] INFO Reading configuration from: config/zookeeper.properties (org.apache.zookeeper.server.quorum.QuorumPeerConfig)
[2019-04-13 23:19:26,783] INFO autopurge.snapRetainCount set to 3 (org.apache.zookeeper.server.DatadirCleanupManager)
[2019-04-13 23:19:26,783] INFO autopurge.purgeInterval set to 0 (org.apache.zookeeper.server.DatadirCleanupManager)
[2019-04-13 23:19:26,784] INFO Purge task is not scheduled. (org.apache.zookeeper.server.DatadirCleanupManager)
[2019-04-13 23:19:26,784] WARN Either no config or no quorum defined in config, running  in standalone mode (org.apache.zookeeper.server.quorum.QuorumPeerMain)
[2019-04-13 23:19:26,878] INFO Reading configuration from: config/zookeeper.properties (org.apache.zookeeper.server.quorum.QuorumPeerConfig)
[2019-04-13 23:19:26,887] INFO Starting server (org.apache.zookeeper.server.ZooKeeperServerMain)
[2019-04-13 23:19:26,912] INFO Server environment:zookeeper.version=3.4.13-2d71af4dbe22557fda74f9a9b4309b15a7487f03, built on 06/29/2018 00:39 GMT (org.apache.zookeeper.server.ZooKeeperServer)
[2019-04-13 23:19:26,912] INFO Server environment:host.name=jonatas-VirtualBox (org.apache.zookeeper.server.ZooKeeperServer)
[2019-04-13 23:19:26,913] INFO Server environment:java.version=1.8.0_191 (org.apache.zookeeper.server.ZooKeeperServer)
[2019-04-13 23:19:26,923] INFO Server environment:java.vendor=Oracle Corporation (org.apache.zookeeper.server.ZooKeeperServer)
[2019-04-13 23:19:26,923] INFO Server environment:java.home=/usr/lib/jvm/java-8-openjdk-amd64/jre (org.apache.zookeeper.server.ZooKeeperServer)
[2019-04-13 23:19:26,924] INFO Server environment:java.class.path=/home/jonatas/kafka_2.12-2.2.0/bin/../libs/activation-1.1.1.jar:/home/jonatas/kafka_2.12-2.2.0/bin/../libs/aopalliance-repackaged-2.5.0-b42.jar:/home/jonatas/kafka_2.12-2.2.0/bin/../libs/argparse4j-0.7.0.jar:/home/jonatas/kafka_2.12-2.2.0/bin/../libs/audience-annotations-0.5.0.jar:/home/jonatas/kafka_2.12-2.2.0/bin/../libs/commons-lang3-3.8.1.jar:/home/jonatas/kafka_2.12-2.2.0/bin/../libs/connect-api-2.2.0.jar:/home/jonatas/kafka_2.12-2.2.0/bin/../libs/connect-basic-auth-extension-2.2.0.jar:/home/jonatas/kafka_2.12-2.2.0/bin/../libs/connect-file-2.2.0.jar:/home/jonatas/kafka_2.12-2.2.0/bin/../libs/connect-json-2.2.0.jar:/home/jonatas/kafka_2.12-2.2.0/bin/../libs/connect-runtime-2.2.0.jar:/home/jonatas/kafka_2.12-2.2.0/bin/../libs/connect-transforms-2.2.0.jar:/home/jonatas/kafka_2.12-2.2.0/bin/../libs/guava-20.0.jar:/home/jonatas/kafka_2.12-2.2.0/bin/../libs/hk2-api-2.5.0-b42.jar:/home/jonatas/kafka_2.12-2.2.0/bin/../libs/hk2-locator-2.5.0-b42.jar:/home/jonatas/kafka_2.12-2.2.0/bin/../libs/hk2-utils-2.5.0-b42.jar:/home/jonatas/kafka_2.12-2.2.0/bin/../libs/jackson-annotations-2.9.8.jar:/home/jonatas/kafka_2.12-2.2.0/bin/../libs/jackson-core-2.9.8.jar:/home/jonatas/kafka_2.12-2.2.0/bin/../libs/jackson-databind-2.9.8.jar:/home/jonatas/kafka_2.12-2.2.0/bin/../libs/jackson-datatype-jdk8-2.9.8.jar:/home/jonatas/kafka_2.12-2.2.0/bin/../libs/jackson-jaxrs-base-2.9.8.jar:/home/jonatas/kafka_2.12-2.2.0/bin/../libs/jackson-jaxrs-json-provider-2.9.8.jar:/home/jonatas/kafka_2.12-2.2.0/bin/../libs/jackson-module-jaxb-annotations-2.9.8.jar:/home/jonatas/kafka_2.12-2.2.0/bin/../libs/javassist-3.22.0-CR2.jar:/home/jonatas/kafka_2.12-2.2.0/bin/../libs/javax.annotation-api-1.2.jar:/home/jonatas/kafka_2.12-2.2.0/bin/../libs/javax.inject-1.jar:/home/jonatas/kafka_2.12-2.2.0/bin/../libs/javax.inject-2.5.0-b42.jar:/home/jonatas/kafka_2.12-2.2.0/bin/../libs/javax.servlet-api-3.1.0.jar:/home/jonatas/kafka_2.12-2.2.0/bin/../libs/javax.ws.rs-api-2.1.1.jar:/home/jonatas/kafka_2.12-2.2.0/bin/../libs/javax.ws.rs-api-2.1.jar:/home/jonatas/kafka_2.12-2.2.0/bin/../libs/jaxb-api-2.3.0.jar:/home/jonatas/kafka_2.12-2.2.0/bin/../libs/jersey-client-2.27.jar:/home/jonatas/kafka_2.12-2.2.0/bin/../libs/jersey-common-2.27.jar:/home/jonatas/kafka_2.12-2.2.0/bin/../libs/jersey-container-servlet-2.27.jar:/home/jonatas/kafka_2.12-2.2.0/bin/../libs/jersey-container-servlet-core-2.27.jar:/home/jonatas/kafka_2.12-2.2.0/bin/../libs/jersey-hk2-2.27.jar:/home/jonatas/kafka_2.12-2.2.0/bin/../libs/jersey-media-jaxb-2.27.jar:/home/jonatas/kafka_2.12-2.2.0/bin/../libs/jersey-server-2.27.jar:/home/jonatas/kafka_2.12-2.2.0/bin/../libs/jetty-client-9.4.14.v20181114.jar:/home/jonatas/kafka_2.12-2.2.0/bin/../libs/jetty-continuation-9.4.14.v20181114.jar:/home/jonatas/kafka_2.12-2.2.0/bin/../libs/jetty-http-9.4.14.v20181114.jar:/home/jonatas/kafka_2.12-2.2.0/bin/../libs/jetty-io-9.4.14.v20181114.jar:/home/jonatas/kafka_2.12-2.2.0/bin/../libs/jetty-security-9.4.14.v20181114.jar:/home/jonatas/kafka_2.12-2.2.0/bin/../libs/jetty-server-9.4.14.v20181114.jar:/home/jonatas/kafka_2.12-2.2.0/bin/../libs/jetty-servlet-9.4.14.v20181114.jar:/home/jonatas/kafka_2.12-2.2.0/bin/../libs/jetty-servlets-9.4.14.v20181114.jar:/home/jonatas/kafka_2.12-2.2.0/bin/../libs/jetty-util-9.4.14.v20181114.jar:/home/jonatas/kafka_2.12-2.2.0/bin/../libs/jopt-simple-5.0.4.jar:/home/jonatas/kafka_2.12-2.2.0/bin/../libs/kafka_2.12-2.2.0.jar:/home/jonatas/kafka_2.12-2.2.0/bin/../libs/kafka_2.12-2.2.0-sources.jar:/home/jonatas/kafka_2.12-2.2.0/bin/../libs/kafka-clients-2.2.0.jar:/home/jonatas/kafka_2.12-2.2.0/bin/../libs/kafka-log4j-appender-2.2.0.jar:/home/jonatas/kafka_2.12-2.2.0/bin/../libs/kafka-streams-2.2.0.jar:/home/jonatas/kafka_2.12-2.2.0/bin/../libs/kafka-streams-examples-2.2.0.jar:/home/jonatas/kafka_2.12-2.2.0/bin/../libs/kafka-streams-scala_2.12-2.2.0.jar:/home/jonatas/kafka_2.12-2.2.0/bin/../libs/kafka-streams-test-utils-2.2.0.jar:/home/jonatas/kafka_2.12-2.2.0/bin/../libs/kafka-tools-2.2.0.jar:/home/jonatas/kafka_2.12-2.2.0/bin/../libs/log4j-1.2.17.jar:/home/jonatas/kafka_2.12-2.2.0/bin/../libs/lz4-java-1.5.0.jar:/home/jonatas/kafka_2.12-2.2.0/bin/../libs/maven-artifact-3.6.0.jar:/home/jonatas/kafka_2.12-2.2.0/bin/../libs/metrics-core-2.2.0.jar:/home/jonatas/kafka_2.12-2.2.0/bin/../libs/osgi-resource-locator-1.0.1.jar:/home/jonatas/kafka_2.12-2.2.0/bin/../libs/plexus-utils-3.1.0.jar:/home/jonatas/kafka_2.12-2.2.0/bin/../libs/reflections-0.9.11.jar:/home/jonatas/kafka_2.12-2.2.0/bin/../libs/rocksdbjni-5.15.10.jar:/home/jonatas/kafka_2.12-2.2.0/bin/../libs/scala-library-2.12.8.jar:/home/jonatas/kafka_2.12-2.2.0/bin/../libs/scala-logging_2.12-3.9.0.jar:/home/jonatas/kafka_2.12-2.2.0/bin/../libs/scala-reflect-2.12.8.jar:/home/jonatas/kafka_2.12-2.2.0/bin/../libs/slf4j-api-1.7.25.jar:/home/jonatas/kafka_2.12-2.2.0/bin/../libs/slf4j-log4j12-1.7.25.jar:/home/jonatas/kafka_2.12-2.2.0/bin/../libs/snappy-java-1.1.7.2.jar:/home/jonatas/kafka_2.12-2.2.0/bin/../libs/validation-api-1.1.0.Final.jar:/home/jonatas/kafka_2.12-2.2.0/bin/../libs/zkclient-0.11.jar:/home/jonatas/kafka_2.12-2.2.0/bin/../libs/zookeeper-3.4.13.jar:/home/jonatas/kafka_2.12-2.2.0/bin/../libs/zstd-jni-1.3.8-1.jar (org.apache.zookeeper.server.ZooKeeperServer)
[2019-04-13 23:19:26,932] INFO Server environment:java.library.path=/usr/java/packages/lib/amd64:/usr/lib/x86_64-linux-gnu/jni:/lib/x86_64-linux-gnu:/usr/lib/x86_64-linux-gnu:/usr/lib/jni:/lib:/usr/lib (org.apache.zookeeper.server.ZooKeeperServer)
[2019-04-13 23:19:26,937] INFO Server environment:java.io.tmpdir=/tmp (org.apache.zookeeper.server.ZooKeeperServer)
[2019-04-13 23:19:26,937] INFO Server environment:java.compiler=<NA> (org.apache.zookeeper.server.ZooKeeperServer)
[2019-04-13 23:19:26,937] INFO Server environment:os.name=Linux (org.apache.zookeeper.server.ZooKeeperServer)
[2019-04-13 23:19:26,937] INFO Server environment:os.arch=amd64 (org.apache.zookeeper.server.ZooKeeperServer)
[2019-04-13 23:19:26,938] INFO Server environment:os.version=4.15.0-42-generic (org.apache.zookeeper.server.ZooKeeperServer)
[2019-04-13 23:19:26,942] INFO Server environment:user.name=jonatas (org.apache.zookeeper.server.ZooKeeperServer)
[2019-04-13 23:19:26,942] INFO Server environment:user.home=/home/jonatas (org.apache.zookeeper.server.ZooKeeperServer)
[2019-04-13 23:19:26,943] INFO Server environment:user.dir=/home/jonatas/kafka_2.12-2.2.0 (org.apache.zookeeper.server.ZooKeeperServer)
[2019-04-13 23:19:26,958] INFO tickTime set to 3000 (org.apache.zookeeper.server.ZooKeeperServer)
[2019-04-13 23:19:26,962] INFO minSessionTimeout set to -1 (org.apache.zookeeper.server.ZooKeeperServer)
[2019-04-13 23:19:26,962] INFO maxSessionTimeout set to -1 (org.apache.zookeeper.server.ZooKeeperServer)
[2019-04-13 23:19:27,003] INFO Using org.apache.zookeeper.server.NIOServerCnxnFactory as server connection factory (org.apache.zookeeper.server.ServerCnxnFactory)
[2019-04-13 23:19:27,013] INFO binding to port 0.0.0.0/0.0.0.0:2181 (org.apache.zookeeper.server.NIOServerCnxnFactory)
[2019-04-13 23:19:51,282] INFO Registered kafka:type=kafka.Log4jController MBean (kafka.utils.Log4jControllerRegistration$)
[2019-04-13 23:19:52,481] INFO starting (kafka.server.KafkaServer)
[2019-04-13 23:19:52,483] INFO Connecting to zookeeper on localhost:2181 (kafka.server.KafkaServer)
[2019-04-13 23:19:52,548] INFO [ZooKeeperClient] Initializing a new session to localhost:2181. (kafka.zookeeper.ZooKeeperClient)
[2019-04-13 23:19:52,559] INFO Client environment:zookeeper.version=3.4.13-2d71af4dbe22557fda74f9a9b4309b15a7487f03, built on 06/29/2018 00:39 GMT (org.apache.zookeeper.ZooKeeper)
[2019-04-13 23:19:52,559] INFO Client environment:host.name=jonatas-VirtualBox (org.apache.zookeeper.ZooKeeper)
[2019-04-13 23:19:52,562] INFO Client environment:java.version=1.8.0_191 (org.apache.zookeeper.ZooKeeper)
[2019-04-13 23:19:52,562] INFO Client environment:java.vendor=Oracle Corporation (org.apache.zookeeper.ZooKeeper)
[2019-04-13 23:19:52,563] INFO Client environment:java.home=/usr/lib/jvm/java-8-openjdk-amd64/jre (org.apache.zookeeper.ZooKeeper)
[2019-04-13 23:19:52,563] INFO Client environment:java.class.path=/home/jonatas/kafka_2.12-2.2.0/bin/../libs/activation-1.1.1.jar:/home/jonatas/kafka_2.12-2.2.0/bin/../libs/aopalliance-repackaged-2.5.0-b42.jar:/home/jonatas/kafka_2.12-2.2.0/bin/../libs/argparse4j-0.7.0.jar:/home/jonatas/kafka_2.12-2.2.0/bin/../libs/audience-annotations-0.5.0.jar:/home/jonatas/kafka_2.12-2.2.0/bin/../libs/commons-lang3-3.8.1.jar:/home/jonatas/kafka_2.12-2.2.0/bin/../libs/connect-api-2.2.0.jar:/home/jonatas/kafka_2.12-2.2.0/bin/../libs/connect-basic-auth-extension-2.2.0.jar:/home/jonatas/kafka_2.12-2.2.0/bin/../libs/connect-file-2.2.0.jar:/home/jonatas/kafka_2.12-2.2.0/bin/../libs/connect-json-2.2.0.jar:/home/jonatas/kafka_2.12-2.2.0/bin/../libs/connect-runtime-2.2.0.jar:/home/jonatas/kafka_2.12-2.2.0/bin/../libs/connect-transforms-2.2.0.jar:/home/jonatas/kafka_2.12-2.2.0/bin/../libs/guava-20.0.jar:/home/jonatas/kafka_2.12-2.2.0/bin/../libs/hk2-api-2.5.0-b42.jar:/home/jonatas/kafka_2.12-2.2.0/bin/../libs/hk2-locator-2.5.0-b42.jar:/home/jonatas/kafka_2.12-2.2.0/bin/../libs/hk2-utils-2.5.0-b42.jar:/home/jonatas/kafka_2.12-2.2.0/bin/../libs/jackson-annotations-2.9.8.jar:/home/jonatas/kafka_2.12-2.2.0/bin/../libs/jackson-core-2.9.8.jar:/home/jonatas/kafka_2.12-2.2.0/bin/../libs/jackson-databind-2.9.8.jar:/home/jonatas/kafka_2.12-2.2.0/bin/../libs/jackson-datatype-jdk8-2.9.8.jar:/home/jonatas/kafka_2.12-2.2.0/bin/../libs/jackson-jaxrs-base-2.9.8.jar:/home/jonatas/kafka_2.12-2.2.0/bin/../libs/jackson-jaxrs-json-provider-2.9.8.jar:/home/jonatas/kafka_2.12-2.2.0/bin/../libs/jackson-module-jaxb-annotations-2.9.8.jar:/home/jonatas/kafka_2.12-2.2.0/bin/../libs/javassist-3.22.0-CR2.jar:/home/jonatas/kafka_2.12-2.2.0/bin/../libs/javax.annotation-api-1.2.jar:/home/jonatas/kafka_2.12-2.2.0/bin/../libs/javax.inject-1.jar:/home/jonatas/kafka_2.12-2.2.0/bin/../libs/javax.inject-2.5.0-b42.jar:/home/jonatas/kafka_2.12-2.2.0/bin/../libs/javax.servlet-api-3.1.0.jar:/home/jonatas/kafka_2.12-2.2.0/bin/../libs/javax.ws.rs-api-2.1.1.jar:/home/jonatas/kafka_2.12-2.2.0/bin/../libs/javax.ws.rs-api-2.1.jar:/home/jonatas/kafka_2.12-2.2.0/bin/../libs/jaxb-api-2.3.0.jar:/home/jonatas/kafka_2.12-2.2.0/bin/../libs/jersey-client-2.27.jar:/home/jonatas/kafka_2.12-2.2.0/bin/../libs/jersey-common-2.27.jar:/home/jonatas/kafka_2.12-2.2.0/bin/../libs/jersey-container-servlet-2.27.jar:/home/jonatas/kafka_2.12-2.2.0/bin/../libs/jersey-container-servlet-core-2.27.jar:/home/jonatas/kafka_2.12-2.2.0/bin/../libs/jersey-hk2-2.27.jar:/home/jonatas/kafka_2.12-2.2.0/bin/../libs/jersey-media-jaxb-2.27.jar:/home/jonatas/kafka_2.12-2.2.0/bin/../libs/jersey-server-2.27.jar:/home/jonatas/kafka_2.12-2.2.0/bin/../libs/jetty-client-9.4.14.v20181114.jar:/home/jonatas/kafka_2.12-2.2.0/bin/../libs/jetty-continuation-9.4.14.v20181114.jar:/home/jonatas/kafka_2.12-2.2.0/bin/../libs/jetty-http-9.4.14.v20181114.jar:/home/jonatas/kafka_2.12-2.2.0/bin/../libs/jetty-io-9.4.14.v20181114.jar:/home/jonatas/kafka_2.12-2.2.0/bin/../libs/jetty-security-9.4.14.v20181114.jar:/home/jonatas/kafka_2.12-2.2.0/bin/../libs/jetty-server-9.4.14.v20181114.jar:/home/jonatas/kafka_2.12-2.2.0/bin/../libs/jetty-servlet-9.4.14.v20181114.jar:/home/jonatas/kafka_2.12-2.2.0/bin/../libs/jetty-servlets-9.4.14.v20181114.jar:/home/jonatas/kafka_2.12-2.2.0/bin/../libs/jetty-util-9.4.14.v20181114.jar:/home/jonatas/kafka_2.12-2.2.0/bin/../libs/jopt-simple-5.0.4.jar:/home/jonatas/kafka_2.12-2.2.0/bin/../libs/kafka_2.12-2.2.0.jar:/home/jonatas/kafka_2.12-2.2.0/bin/../libs/kafka_2.12-2.2.0-sources.jar:/home/jonatas/kafka_2.12-2.2.0/bin/../libs/kafka-clients-2.2.0.jar:/home/jonatas/kafka_2.12-2.2.0/bin/../libs/kafka-log4j-appender-2.2.0.jar:/home/jonatas/kafka_2.12-2.2.0/bin/../libs/kafka-streams-2.2.0.jar:/home/jonatas/kafka_2.12-2.2.0/bin/../libs/kafka-streams-examples-2.2.0.jar:/home/jonatas/kafka_2.12-2.2.0/bin/../libs/kafka-streams-scala_2.12-2.2.0.jar:/home/jonatas/kafka_2.12-2.2.0/bin/../libs/kafka-streams-test-utils-2.2.0.jar:/home/jonatas/kafka_2.12-2.2.0/bin/../libs/kafka-tools-2.2.0.jar:/home/jonatas/kafka_2.12-2.2.0/bin/../libs/log4j-1.2.17.jar:/home/jonatas/kafka_2.12-2.2.0/bin/../libs/lz4-java-1.5.0.jar:/home/jonatas/kafka_2.12-2.2.0/bin/../libs/maven-artifact-3.6.0.jar:/home/jonatas/kafka_2.12-2.2.0/bin/../libs/metrics-core-2.2.0.jar:/home/jonatas/kafka_2.12-2.2.0/bin/../libs/osgi-resource-locator-1.0.1.jar:/home/jonatas/kafka_2.12-2.2.0/bin/../libs/plexus-utils-3.1.0.jar:/home/jonatas/kafka_2.12-2.2.0/bin/../libs/reflections-0.9.11.jar:/home/jonatas/kafka_2.12-2.2.0/bin/../libs/rocksdbjni-5.15.10.jar:/home/jonatas/kafka_2.12-2.2.0/bin/../libs/scala-library-2.12.8.jar:/home/jonatas/kafka_2.12-2.2.0/bin/../libs/scala-logging_2.12-3.9.0.jar:/home/jonatas/kafka_2.12-2.2.0/bin/../libs/scala-reflect-2.12.8.jar:/home/jonatas/kafka_2.12-2.2.0/bin/../libs/slf4j-api-1.7.25.jar:/home/jonatas/kafka_2.12-2.2.0/bin/../libs/slf4j-log4j12-1.7.25.jar:/home/jonatas/kafka_2.12-2.2.0/bin/../libs/snappy-java-1.1.7.2.jar:/home/jonatas/kafka_2.12-2.2.0/bin/../libs/validation-api-1.1.0.Final.jar:/home/jonatas/kafka_2.12-2.2.0/bin/../libs/zkclient-0.11.jar:/home/jonatas/kafka_2.12-2.2.0/bin/../libs/zookeeper-3.4.13.jar:/home/jonatas/kafka_2.12-2.2.0/bin/../libs/zstd-jni-1.3.8-1.jar (org.apache.zookeeper.ZooKeeper)
[2019-04-13 23:19:52,565] INFO Client environment:java.library.path=/usr/java/packages/lib/amd64:/usr/lib/x86_64-linux-gnu/jni:/lib/x86_64-linux-gnu:/usr/lib/x86_64-linux-gnu:/usr/lib/jni:/lib:/usr/lib (org.apache.zookeeper.ZooKeeper)
[2019-04-13 23:19:52,567] INFO Client environment:java.io.tmpdir=/tmp (org.apache.zookeeper.ZooKeeper)
[2019-04-13 23:19:52,567] INFO Client environment:java.compiler=<NA> (org.apache.zookeeper.ZooKeeper)
[2019-04-13 23:19:52,567] INFO Client environment:os.name=Linux (org.apache.zookeeper.ZooKeeper)
[2019-04-13 23:19:52,567] INFO Client environment:os.arch=amd64 (org.apache.zookeeper.ZooKeeper)
[2019-04-13 23:19:52,567] INFO Client environment:os.version=4.15.0-42-generic (org.apache.zookeeper.ZooKeeper)
[2019-04-13 23:19:52,568] INFO Client environment:user.name=jonatas (org.apache.zookeeper.ZooKeeper)
[2019-04-13 23:19:52,573] INFO Client environment:user.home=/home/jonatas (org.apache.zookeeper.ZooKeeper)
[2019-04-13 23:19:52,573] INFO Client environment:user.dir=/home/jonatas/kafka_2.12-2.2.0 (org.apache.zookeeper.ZooKeeper)
[2019-04-13 23:19:52,577] INFO Initiating client connection, connectString=localhost:2181 sessionTimeout=6000 watcher=kafka.zookeeper.ZooKeeperClient$ZooKeeperClientWatcher$@67a20f67 (org.apache.zookeeper.ZooKeeper)
[2019-04-13 23:19:52,604] INFO Opening socket connection to server localhost/127.0.0.1:2181. Will not attempt to authenticate using SASL (unknown error) (org.apache.zookeeper.ClientCnxn)
[2019-04-13 23:19:52,616] INFO [ZooKeeperClient] Waiting until connected. (kafka.zookeeper.ZooKeeperClient)
[2019-04-13 23:19:52,633] INFO Accepted socket connection from /127.0.0.1:48132 (org.apache.zookeeper.server.NIOServerCnxnFactory)
[2019-04-13 23:19:52,638] INFO Socket connection established to localhost/127.0.0.1:2181, initiating session (org.apache.zookeeper.ClientCnxn)
[2019-04-13 23:19:52,676] INFO Client attempting to establish new session at /127.0.0.1:48132 (org.apache.zookeeper.server.ZooKeeperServer)
[2019-04-13 23:19:52,680] INFO Creating new log file: log.1 (org.apache.zookeeper.server.persistence.FileTxnLog)
[2019-04-13 23:19:52,720] INFO Session establishment complete on server localhost/127.0.0.1:2181, sessionid = 0x1000061c2bc0000, negotiated timeout = 6000 (org.apache.zookeeper.ClientCnxn)
[2019-04-13 23:19:52,724] INFO Established session 0x1000061c2bc0000 with negotiated timeout 6000 for client /127.0.0.1:48132 (org.apache.zookeeper.server.ZooKeeperServer)
[2019-04-13 23:19:52,737] INFO [ZooKeeperClient] Connected. (kafka.zookeeper.ZooKeeperClient)
[2019-04-13 23:19:53,029] INFO Got user-level KeeperException when processing sessionid:0x1000061c2bc0000 type:create cxid:0x2 zxid:0x3 txntype:-1 reqpath:n/a Error Path:/brokers Error:KeeperErrorCode = NoNode for /brokers (org.apache.zookeeper.server.PrepRequestProcessor)
[2019-04-13 23:19:53,061] INFO Got user-level KeeperException when processing sessionid:0x1000061c2bc0000 type:create cxid:0x6 zxid:0x7 txntype:-1 reqpath:n/a Error Path:/config Error:KeeperErrorCode = NoNode for /config (org.apache.zookeeper.server.PrepRequestProcessor)
[2019-04-13 23:19:53,073] INFO Got user-level KeeperException when processing sessionid:0x1000061c2bc0000 type:create cxid:0x9 zxid:0xa txntype:-1 reqpath:n/a Error Path:/admin Error:KeeperErrorCode = NoNode for /admin (org.apache.zookeeper.server.PrepRequestProcessor)
[2019-04-13 23:19:53,510] INFO Got user-level KeeperException when processing sessionid:0x1000061c2bc0000 type:create cxid:0x15 zxid:0x15 txntype:-1 reqpath:n/a Error Path:/cluster Error:KeeperErrorCode = NoNode for /cluster (org.apache.zookeeper.server.PrepRequestProcessor)
[2019-04-13 23:19:53,539] INFO Cluster ID = An98tGepQpe5LWI1ffrbrQ (kafka.server.KafkaServer)
[2019-04-13 23:19:53,560] WARN No meta.properties file under dir /home/jonatas/kafka_2.12-2.2.0/data/kafka/meta.properties (kafka.server.BrokerMetadataCheckpoint)
[2019-04-13 23:19:53,994] INFO KafkaConfig values: 
	advertised.host.name = null
	advertised.listeners = null
	advertised.port = null
	alter.config.policy.class.name = null
	alter.log.dirs.replication.quota.window.num = 11
	alter.log.dirs.replication.quota.window.size.seconds = 1
	authorizer.class.name = 
	auto.create.topics.enable = true
	auto.leader.rebalance.enable = true
	background.threads = 10
	broker.id = 0
	broker.id.generation.enable = true
	broker.rack = null
	client.quota.callback.class = null
	compression.type = producer
	connection.failed.authentication.delay.ms = 100
	connections.max.idle.ms = 600000
	connections.max.reauth.ms = 0
	control.plane.listener.name = null
	controlled.shutdown.enable = true
	controlled.shutdown.max.retries = 3
	controlled.shutdown.retry.backoff.ms = 5000
	controller.socket.timeout.ms = 30000
	create.topic.policy.class.name = null
	default.replication.factor = 1
	delegation.token.expiry.check.interval.ms = 3600000
	delegation.token.expiry.time.ms = 86400000
	delegation.token.master.key = null
	delegation.token.max.lifetime.ms = 604800000
	delete.records.purgatory.purge.interval.requests = 1
	delete.topic.enable = true
	fetch.purgatory.purge.interval.requests = 1000
	group.initial.rebalance.delay.ms = 0
	group.max.session.timeout.ms = 300000
	group.max.size = 2147483647
	group.min.session.timeout.ms = 6000
	host.name = 
	inter.broker.listener.name = null
	inter.broker.protocol.version = 2.2-IV1
	kafka.metrics.polling.interval.secs = 10
	kafka.metrics.reporters = []
	leader.imbalance.check.interval.seconds = 300
	leader.imbalance.per.broker.percentage = 10
	listener.security.protocol.map = PLAINTEXT:PLAINTEXT,SSL:SSL,SASL_PLAINTEXT:SASL_PLAINTEXT,SASL_SSL:SASL_SSL
	listeners = null
	log.cleaner.backoff.ms = 15000
	log.cleaner.dedupe.buffer.size = 134217728
	log.cleaner.delete.retention.ms = 86400000
	log.cleaner.enable = true
	log.cleaner.io.buffer.load.factor = 0.9
	log.cleaner.io.buffer.size = 524288
	log.cleaner.io.max.bytes.per.second = 1.7976931348623157E308
	log.cleaner.min.cleanable.ratio = 0.5
	log.cleaner.min.compaction.lag.ms = 0
	log.cleaner.threads = 1
	log.cleanup.policy = [delete]
	log.dir = /tmp/kafka-logs
	log.dirs = /home/jonatas/kafka_2.12-2.2.0/data/kafka
	log.flush.interval.messages = 9223372036854775807
	log.flush.interval.ms = null
	log.flush.offset.checkpoint.interval.ms = 60000
	log.flush.scheduler.interval.ms = 9223372036854775807
	log.flush.start.offset.checkpoint.interval.ms = 60000
	log.index.interval.bytes = 4096
	log.index.size.max.bytes = 10485760
	log.message.downconversion.enable = true
	log.message.format.version = 2.2-IV1
	log.message.timestamp.difference.max.ms = 9223372036854775807
	log.message.timestamp.type = CreateTime
	log.preallocate = false
	log.retention.bytes = -1
	log.retention.check.interval.ms = 300000
	log.retention.hours = 168
	log.retention.minutes = null
	log.retention.ms = null
	log.roll.hours = 168
	log.roll.jitter.hours = 0
	log.roll.jitter.ms = null
	log.roll.ms = null
	log.segment.bytes = 1073741824
	log.segment.delete.delay.ms = 60000
	max.connections.per.ip = 2147483647
	max.connections.per.ip.overrides = 
	max.incremental.fetch.session.cache.slots = 1000
	message.max.bytes = 1000012
	metric.reporters = []
	metrics.num.samples = 2
	metrics.recording.level = INFO
	metrics.sample.window.ms = 30000
	min.insync.replicas = 1
	num.io.threads = 8
	num.network.threads = 3
	num.partitions = 1
	num.recovery.threads.per.data.dir = 1
	num.replica.alter.log.dirs.threads = null
	num.replica.fetchers = 1
	offset.metadata.max.bytes = 4096
	offsets.commit.required.acks = -1
	offsets.commit.timeout.ms = 5000
	offsets.load.buffer.size = 5242880
	offsets.retention.check.interval.ms = 600000
	offsets.retention.minutes = 10080
	offsets.topic.compression.codec = 0
	offsets.topic.num.partitions = 50
	offsets.topic.replication.factor = 1
	offsets.topic.segment.bytes = 104857600
	password.encoder.cipher.algorithm = AES/CBC/PKCS5Padding
	password.encoder.iterations = 4096
	password.encoder.key.length = 128
	password.encoder.keyfactory.algorithm = null
	password.encoder.old.secret = null
	password.encoder.secret = null
	port = 9092
	principal.builder.class = null
	producer.purgatory.purge.interval.requests = 1000
	queued.max.request.bytes = -1
	queued.max.requests = 500
	quota.consumer.default = 9223372036854775807
	quota.producer.default = 9223372036854775807
	quota.window.num = 11
	quota.window.size.seconds = 1
	replica.fetch.backoff.ms = 1000
	replica.fetch.max.bytes = 1048576
	replica.fetch.min.bytes = 1
	replica.fetch.response.max.bytes = 10485760
	replica.fetch.wait.max.ms = 500
	replica.high.watermark.checkpoint.interval.ms = 5000
	replica.lag.time.max.ms = 10000
	replica.socket.receive.buffer.bytes = 65536
	replica.socket.timeout.ms = 30000
	replication.quota.window.num = 11
	replication.quota.window.size.seconds = 1
	request.timeout.ms = 30000
	reserved.broker.max.id = 1000
	sasl.client.callback.handler.class = null
	sasl.enabled.mechanisms = [GSSAPI]
	sasl.jaas.config = null
	sasl.kerberos.kinit.cmd = /usr/bin/kinit
	sasl.kerberos.min.time.before.relogin = 60000
	sasl.kerberos.principal.to.local.rules = [DEFAULT]
	sasl.kerberos.service.name = null
	sasl.kerberos.ticket.renew.jitter = 0.05
	sasl.kerberos.ticket.renew.window.factor = 0.8
	sasl.login.callback.handler.class = null
	sasl.login.class = null
	sasl.login.refresh.buffer.seconds = 300
	sasl.login.refresh.min.period.seconds = 60
	sasl.login.refresh.window.factor = 0.8
	sasl.login.refresh.window.jitter = 0.05
	sasl.mechanism.inter.broker.protocol = GSSAPI
	sasl.server.callback.handler.class = null
	security.inter.broker.protocol = PLAINTEXT
	socket.receive.buffer.bytes = 102400
	socket.request.max.bytes = 104857600
	socket.send.buffer.bytes = 102400
	ssl.cipher.suites = []
	ssl.client.auth = none
	ssl.enabled.protocols = [TLSv1.2, TLSv1.1, TLSv1]
	ssl.endpoint.identification.algorithm = https
	ssl.key.password = null
	ssl.keymanager.algorithm = SunX509
	ssl.keystore.location = null
	ssl.keystore.password = null
	ssl.keystore.type = JKS
	ssl.principal.mapping.rules = [DEFAULT]
	ssl.protocol = TLS
	ssl.provider = null
	ssl.secure.random.implementation = null
	ssl.trustmanager.algorithm = PKIX
	ssl.truststore.location = null
	ssl.truststore.password = null
	ssl.truststore.type = JKS
	transaction.abort.timed.out.transaction.cleanup.interval.ms = 60000
	transaction.max.timeout.ms = 900000
	transaction.remove.expired.transaction.cleanup.interval.ms = 3600000
	transaction.state.log.load.buffer.size = 5242880
	transaction.state.log.min.isr = 1
	transaction.state.log.num.partitions = 50
	transaction.state.log.replication.factor = 1
	transaction.state.log.segment.bytes = 104857600
	transactional.id.expiration.ms = 604800000
	unclean.leader.election.enable = false
	zookeeper.connect = localhost:2181
	zookeeper.connection.timeout.ms = 6000
	zookeeper.max.in.flight.requests = 10
	zookeeper.session.timeout.ms = 6000
	zookeeper.set.acl = false
	zookeeper.sync.time.ms = 2000
 (kafka.server.KafkaConfig)
[2019-04-13 23:19:54,103] INFO KafkaConfig values: 
	advertised.host.name = null
	advertised.listeners = null
	advertised.port = null
	alter.config.policy.class.name = null
	alter.log.dirs.replication.quota.window.num = 11
	alter.log.dirs.replication.quota.window.size.seconds = 1
	authorizer.class.name = 
	auto.create.topics.enable = true
	auto.leader.rebalance.enable = true
	background.threads = 10
	broker.id = 0
	broker.id.generation.enable = true
	broker.rack = null
	client.quota.callback.class = null
	compression.type = producer
	connection.failed.authentication.delay.ms = 100
	connections.max.idle.ms = 600000
	connections.max.reauth.ms = 0
	control.plane.listener.name = null
	controlled.shutdown.enable = true
	controlled.shutdown.max.retries = 3
	controlled.shutdown.retry.backoff.ms = 5000
	controller.socket.timeout.ms = 30000
	create.topic.policy.class.name = null
	default.replication.factor = 1
	delegation.token.expiry.check.interval.ms = 3600000
	delegation.token.expiry.time.ms = 86400000
	delegation.token.master.key = null
	delegation.token.max.lifetime.ms = 604800000
	delete.records.purgatory.purge.interval.requests = 1
	delete.topic.enable = true
	fetch.purgatory.purge.interval.requests = 1000
	group.initial.rebalance.delay.ms = 0
	group.max.session.timeout.ms = 300000
	group.max.size = 2147483647
	group.min.session.timeout.ms = 6000
	host.name = 
	inter.broker.listener.name = null
	inter.broker.protocol.version = 2.2-IV1
	kafka.metrics.polling.interval.secs = 10
	kafka.metrics.reporters = []
	leader.imbalance.check.interval.seconds = 300
	leader.imbalance.per.broker.percentage = 10
	listener.security.protocol.map = PLAINTEXT:PLAINTEXT,SSL:SSL,SASL_PLAINTEXT:SASL_PLAINTEXT,SASL_SSL:SASL_SSL
	listeners = null
	log.cleaner.backoff.ms = 15000
	log.cleaner.dedupe.buffer.size = 134217728
	log.cleaner.delete.retention.ms = 86400000
	log.cleaner.enable = true
	log.cleaner.io.buffer.load.factor = 0.9
	log.cleaner.io.buffer.size = 524288
	log.cleaner.io.max.bytes.per.second = 1.7976931348623157E308
	log.cleaner.min.cleanable.ratio = 0.5
	log.cleaner.min.compaction.lag.ms = 0
	log.cleaner.threads = 1
	log.cleanup.policy = [delete]
	log.dir = /tmp/kafka-logs
	log.dirs = /home/jonatas/kafka_2.12-2.2.0/data/kafka
	log.flush.interval.messages = 9223372036854775807
	log.flush.interval.ms = null
	log.flush.offset.checkpoint.interval.ms = 60000
	log.flush.scheduler.interval.ms = 9223372036854775807
	log.flush.start.offset.checkpoint.interval.ms = 60000
	log.index.interval.bytes = 4096
	log.index.size.max.bytes = 10485760
	log.message.downconversion.enable = true
	log.message.format.version = 2.2-IV1
	log.message.timestamp.difference.max.ms = 9223372036854775807
	log.message.timestamp.type = CreateTime
	log.preallocate = false
	log.retention.bytes = -1
	log.retention.check.interval.ms = 300000
	log.retention.hours = 168
	log.retention.minutes = null
	log.retention.ms = null
	log.roll.hours = 168
	log.roll.jitter.hours = 0
	log.roll.jitter.ms = null
	log.roll.ms = null
	log.segment.bytes = 1073741824
	log.segment.delete.delay.ms = 60000
	max.connections.per.ip = 2147483647
	max.connections.per.ip.overrides = 
	max.incremental.fetch.session.cache.slots = 1000
	message.max.bytes = 1000012
	metric.reporters = []
	metrics.num.samples = 2
	metrics.recording.level = INFO
	metrics.sample.window.ms = 30000
	min.insync.replicas = 1
	num.io.threads = 8
	num.network.threads = 3
	num.partitions = 1
	num.recovery.threads.per.data.dir = 1
	num.replica.alter.log.dirs.threads = null
	num.replica.fetchers = 1
	offset.metadata.max.bytes = 4096
	offsets.commit.required.acks = -1
	offsets.commit.timeout.ms = 5000
	offsets.load.buffer.size = 5242880
	offsets.retention.check.interval.ms = 600000
	offsets.retention.minutes = 10080
	offsets.topic.compression.codec = 0
	offsets.topic.num.partitions = 50
	offsets.topic.replication.factor = 1
	offsets.topic.segment.bytes = 104857600
	password.encoder.cipher.algorithm = AES/CBC/PKCS5Padding
	password.encoder.iterations = 4096
	password.encoder.key.length = 128
	password.encoder.keyfactory.algorithm = null
	password.encoder.old.secret = null
	password.encoder.secret = null
	port = 9092
	principal.builder.class = null
	producer.purgatory.purge.interval.requests = 1000
	queued.max.request.bytes = -1
	queued.max.requests = 500
	quota.consumer.default = 9223372036854775807
	quota.producer.default = 9223372036854775807
	quota.window.num = 11
	quota.window.size.seconds = 1
	replica.fetch.backoff.ms = 1000
	replica.fetch.max.bytes = 1048576
	replica.fetch.min.bytes = 1
	replica.fetch.response.max.bytes = 10485760
	replica.fetch.wait.max.ms = 500
	replica.high.watermark.checkpoint.interval.ms = 5000
	replica.lag.time.max.ms = 10000
	replica.socket.receive.buffer.bytes = 65536
	replica.socket.timeout.ms = 30000
	replication.quota.window.num = 11
	replication.quota.window.size.seconds = 1
	request.timeout.ms = 30000
	reserved.broker.max.id = 1000
	sasl.client.callback.handler.class = null
	sasl.enabled.mechanisms = [GSSAPI]
	sasl.jaas.config = null
	sasl.kerberos.kinit.cmd = /usr/bin/kinit
	sasl.kerberos.min.time.before.relogin = 60000
	sasl.kerberos.principal.to.local.rules = [DEFAULT]
	sasl.kerberos.service.name = null
	sasl.kerberos.ticket.renew.jitter = 0.05
	sasl.kerberos.ticket.renew.window.factor = 0.8
	sasl.login.callback.handler.class = null
	sasl.login.class = null
	sasl.login.refresh.buffer.seconds = 300
	sasl.login.refresh.min.period.seconds = 60
	sasl.login.refresh.window.factor = 0.8
	sasl.login.refresh.window.jitter = 0.05
	sasl.mechanism.inter.broker.protocol = GSSAPI
	sasl.server.callback.handler.class = null
	security.inter.broker.protocol = PLAINTEXT
	socket.receive.buffer.bytes = 102400
	socket.request.max.bytes = 104857600
	socket.send.buffer.bytes = 102400
	ssl.cipher.suites = []
	ssl.client.auth = none
	ssl.enabled.protocols = [TLSv1.2, TLSv1.1, TLSv1]
	ssl.endpoint.identification.algorithm = https
	ssl.key.password = null
	ssl.keymanager.algorithm = SunX509
	ssl.keystore.location = null
	ssl.keystore.password = null
	ssl.keystore.type = JKS
	ssl.principal.mapping.rules = [DEFAULT]
	ssl.protocol = TLS
	ssl.provider = null
	ssl.secure.random.implementation = null
	ssl.trustmanager.algorithm = PKIX
	ssl.truststore.location = null
	ssl.truststore.password = null
	ssl.truststore.type = JKS
	transaction.abort.timed.out.transaction.cleanup.interval.ms = 60000
	transaction.max.timeout.ms = 900000
	transaction.remove.expired.transaction.cleanup.interval.ms = 3600000
	transaction.state.log.load.buffer.size = 5242880
	transaction.state.log.min.isr = 1
	transaction.state.log.num.partitions = 50
	transaction.state.log.replication.factor = 1
	transaction.state.log.segment.bytes = 104857600
	transactional.id.expiration.ms = 604800000
	unclean.leader.election.enable = false
	zookeeper.connect = localhost:2181
	zookeeper.connection.timeout.ms = 6000
	zookeeper.max.in.flight.requests = 10
	zookeeper.session.timeout.ms = 6000
	zookeeper.set.acl = false
	zookeeper.sync.time.ms = 2000
 (kafka.server.KafkaConfig)
[2019-04-13 23:19:54,193] INFO [ThrottledChannelReaper-Fetch]: Starting (kafka.server.ClientQuotaManager$ThrottledChannelReaper)
[2019-04-13 23:19:54,197] INFO [ThrottledChannelReaper-Produce]: Starting (kafka.server.ClientQuotaManager$ThrottledChannelReaper)
[2019-04-13 23:19:54,205] INFO [ThrottledChannelReaper-Request]: Starting (kafka.server.ClientQuotaManager$ThrottledChannelReaper)
[2019-04-13 23:19:54,308] INFO Loading logs. (kafka.log.LogManager)
[2019-04-13 23:19:54,344] INFO Logs loading complete in 33 ms. (kafka.log.LogManager)
[2019-04-13 23:19:54,384] INFO Starting log cleanup with a period of 300000 ms. (kafka.log.LogManager)
[2019-04-13 23:19:54,428] INFO Starting log flusher with a default period of 9223372036854775807 ms. (kafka.log.LogManager)
[2019-04-13 23:19:55,406] INFO Awaiting socket connections on s0.0.0.0:9092. (kafka.network.Acceptor)
[2019-04-13 23:19:55,648] INFO [SocketServer brokerId=0] Created data-plane acceptor and processors for endpoint : EndPoint(null,9092,ListenerName(PLAINTEXT),PLAINTEXT) (kafka.network.SocketServer)
[2019-04-13 23:19:55,656] INFO [SocketServer brokerId=0] Started 1 acceptor threads for data-plane (kafka.network.SocketServer)
[2019-04-13 23:19:55,793] INFO [ExpirationReaper-0-Produce]: Starting (kafka.server.DelayedOperationPurgatory$ExpiredOperationReaper)
[2019-04-13 23:19:55,800] INFO [ExpirationReaper-0-DeleteRecords]: Starting (kafka.server.DelayedOperationPurgatory$ExpiredOperationReaper)
[2019-04-13 23:19:55,800] INFO [ExpirationReaper-0-Fetch]: Starting (kafka.server.DelayedOperationPurgatory$ExpiredOperationReaper)
[2019-04-13 23:19:55,816] INFO [ExpirationReaper-0-ElectPreferredLeader]: Starting (kafka.server.DelayedOperationPurgatory$ExpiredOperationReaper)
[2019-04-13 23:19:55,872] INFO [LogDirFailureHandler]: Starting (kafka.server.ReplicaManager$LogDirFailureHandler)
[2019-04-13 23:19:55,963] INFO Creating /brokers/ids/0 (is it secure? false) (kafka.zk.KafkaZkClient)
[2019-04-13 23:19:56,057] INFO Stat of the created znode at /brokers/ids/0 is: 24,24,1555208396032,1555208396032,1,0,0,72058013916856320,206,0,24
 (kafka.zk.KafkaZkClient)
[2019-04-13 23:19:56,067] INFO Registered broker 0 at path /brokers/ids/0 with addresses: ArrayBuffer(EndPoint(jonatas-VirtualBox,9092,ListenerName(PLAINTEXT),PLAINTEXT)), czxid (broker epoch): 24 (kafka.zk.KafkaZkClient)
[2019-04-13 23:19:56,090] WARN No meta.properties file under dir /home/jonatas/kafka_2.12-2.2.0/data/kafka/meta.properties (kafka.server.BrokerMetadataCheckpoint)
[2019-04-13 23:19:56,397] INFO [ExpirationReaper-0-topic]: Starting (kafka.server.DelayedOperationPurgatory$ExpiredOperationReaper)
[2019-04-13 23:19:56,402] INFO [ExpirationReaper-0-Heartbeat]: Starting (kafka.server.DelayedOperationPurgatory$ExpiredOperationReaper)
[2019-04-13 23:19:56,421] INFO [ExpirationReaper-0-Rebalance]: Starting (kafka.server.DelayedOperationPurgatory$ExpiredOperationReaper)
[2019-04-13 23:19:56,422] INFO Successfully created /controller_epoch with initial epoch 0 (kafka.zk.KafkaZkClient)
[2019-04-13 23:19:56,550] INFO [GroupCoordinator 0]: Starting up. (kafka.coordinator.group.GroupCoordinator)
[2019-04-13 23:19:56,571] INFO [GroupCoordinator 0]: Startup complete. (kafka.coordinator.group.GroupCoordinator)
[2019-04-13 23:19:56,659] INFO [GroupMetadataManager brokerId=0] Removed 0 expired offsets in 81 milliseconds. (kafka.coordinator.group.GroupMetadataManager)
[2019-04-13 23:19:56,696] INFO [ProducerId Manager 0]: Acquired new producerId block (brokerId:0,blockStartProducerId:0,blockEndProducerId:999) by writing to Zk with path version 1 (kafka.coordinator.transaction.ProducerIdManager)
[2019-04-13 23:19:56,913] INFO [TransactionCoordinator id=0] Starting up. (kafka.coordinator.transaction.TransactionCoordinator)
[2019-04-13 23:19:56,945] INFO [TransactionCoordinator id=0] Startup complete. (kafka.coordinator.transaction.TransactionCoordinator)
[2019-04-13 23:19:56,967] INFO [Transaction Marker Channel Manager 0]: Starting (kafka.coordinator.transaction.TransactionMarkerChannelManager)
[2019-04-13 23:19:57,357] INFO [/config/changes-event-process-thread]: Starting (kafka.common.ZkNodeChangeNotificationListener$ChangeEventProcessThread)
[2019-04-13 23:19:57,436] INFO [SocketServer brokerId=0] Started data-plane processors for 1 acceptors (kafka.network.SocketServer)
[2019-04-13 23:19:57,455] INFO Got user-level KeeperException when processing sessionid:0x1000061c2bc0000 type:multi cxid:0x38 zxid:0x1c txntype:-1 reqpath:n/a aborting remaining multi ops. Error Path:/admin/preferred_replica_election Error:KeeperErrorCode = NoNode for /admin/preferred_replica_election (org.apache.zookeeper.server.PrepRequestProcessor)
[2019-04-13 23:19:57,489] INFO Kafka version: 2.2.0 (org.apache.kafka.common.utils.AppInfoParser)
[2019-04-13 23:19:57,512] INFO Kafka commitId: 05fcfde8f69b0349 (org.apache.kafka.common.utils.AppInfoParser)
[2019-04-13 23:19:57,514] INFO [KafkaServer id=0] started (kafka.server.KafkaServer)
